<?xml version="1.0" encoding="UTF-8"?>
<testsuite xmlns:xsi="http://www.w3.org/2001/XMLSchema-instance" xsi:noNamespaceSchemaLocation="https://maven.apache.org/surefire/maven-surefire-plugin/xsd/surefire-test-report-3.0.xsd" version="3.0" name="br.com.walletpix.presentation.controller.WalletControllerIntegrationTest" time="25.956" tests="3" errors="0" skipped="0" failures="0">
  <properties>
[...]
</properties>
  <testcase name="shouldReturnBadRequestWhenWalletNotFound" classname="br.com.walletpix.presentation.controller.WalletControllerIntegrationTest" time="1.847">
    <system-out><![CDATA[23:10:29.167 [main] INFO org.springframework.test.context.support.AnnotationConfigContextLoaderUtils -- Could not detect default configuration classes for test class [br.com.walletpix.presentation.controller.WalletControllerIntegrationTest]: WalletControllerIntegrationTest does not declare any static, non-private, non-final, nested classes annotated with @Configuration.
23:10:29.576 [main] INFO org.springframework.boot.test.context.SpringBootTestContextBootstrapper -- Found @SpringBootConfiguration br.com.walletpix.WalletPixServiceApplication for test class br.com.walletpix.presentation.controller.WalletControllerIntegrationTest
23:10:29.881 [main] INFO org.testcontainers.images.PullPolicy -- Image pull policy will be performed by: DefaultPullPolicy()
23:10:29.887 [main] INFO org.testcontainers.utility.ImageNameSubstitutor -- Image name substitution will be performed by: DefaultImageNameSubstitutor (composite of 'ConfigurationFileImageNameSubstitutor' and 'PrefixingImageNameSubstitutor')
23:10:30.354 [main] INFO org.testcontainers.dockerclient.DockerClientProviderStrategy -- Loaded org.testcontainers.dockerclient.NpipeSocketClientProviderStrategy from ~/.testcontainers.properties, will try it first
23:10:31.011 [main] INFO org.testcontainers.dockerclient.DockerClientProviderStrategy -- Found Docker environment with local Npipe socket (npipe:////./pipe/docker_engine)
23:10:31.013 [main] INFO org.testcontainers.DockerClientFactory -- Docker host IP address is localhost
23:10:31.046 [main] INFO org.testcontainers.DockerClientFactory -- Connected to docker: 
  Server Version: 20.10.17
  API Version: 1.41
  Operating System: Docker Desktop
  Total Memory: 12690 MB
23:10:31.116 [main] INFO tc.testcontainers/ryuk:0.5.1 -- Creating container for image: testcontainers/ryuk:0.5.1
23:10:31.652 [main] INFO org.testcontainers.utility.RegistryAuthLocator -- Credential helper/store (docker-credential-desktop) does not have credentials for https://index.docker.io/v1/
23:10:31.907 [main] INFO tc.testcontainers/ryuk:0.5.1 -- Container testcontainers/ryuk:0.5.1 is starting: f57037bc48beb96177cb42e853fc8b4056c020ef99a092912ecd6b3cf6af8875
23:10:33.341 [main] INFO tc.testcontainers/ryuk:0.5.1 -- Container testcontainers/ryuk:0.5.1 started in PT2.2246836S
23:10:33.355 [main] INFO org.testcontainers.utility.RyukResourceReaper -- Ryuk started - will monitor and terminate Testcontainers containers on JVM exit
23:10:33.356 [main] INFO org.testcontainers.DockerClientFactory -- Checking the system...
23:10:33.357 [main] INFO org.testcontainers.DockerClientFactory -- ?? Docker server version should be at least 1.6.0
23:10:33.358 [main] INFO tc.postgres:15-alpine -- Creating container for image: postgres:15-alpine
23:10:33.414 [main] INFO tc.postgres:15-alpine -- Container postgres:15-alpine is starting: 93ffbd202204ea63761e8a6948a43e9aa341dd678eb3387a6426cde619a3bdce
23:10:36.279 [main] INFO tc.postgres:15-alpine -- Container postgres:15-alpine started in PT2.9204323S
23:10:36.280 [main] INFO tc.postgres:15-alpine -- Container is started (JDBC URL: jdbc:postgresql://localhost:51899/walletpix?loggerLevel=OFF)
23:10:28,886 |-INFO in ch.qos.logback.classic.LoggerContext[default] - This is logback-classic version 1.4.14
23:10:28,893 |-INFO in ch.qos.logback.classic.util.ContextInitializer@31142d58 - Here is a list of configurators discovered as a service, by rank: 
23:10:28,893 |-INFO in ch.qos.logback.classic.util.ContextInitializer@31142d58 -   org.springframework.boot.logging.logback.RootLogLevelConfigurator
23:10:28,893 |-INFO in ch.qos.logback.classic.util.ContextInitializer@31142d58 - They will be invoked in order until ExecutionStatus.DO_NOT_INVOKE_NEXT_IF_ANY is returned.
23:10:28,893 |-INFO in ch.qos.logback.classic.util.ContextInitializer@31142d58 - Constructed configurator of type class org.springframework.boot.logging.logback.RootLogLevelConfigurator
23:10:28,912 |-INFO in ch.qos.logback.classic.util.ContextInitializer@31142d58 - org.springframework.boot.logging.logback.RootLogLevelConfigurator.configure() call lasted 1 milliseconds. ExecutionStatus=INVOKE_NEXT_IF_ANY
23:10:28,912 |-INFO in ch.qos.logback.classic.util.ContextInitializer@31142d58 - Trying to configure with ch.qos.logback.classic.joran.SerializedModelConfigurator
23:10:28,914 |-INFO in ch.qos.logback.classic.util.ContextInitializer@31142d58 - Constructed configurator of type class ch.qos.logback.classic.joran.SerializedModelConfigurator
23:10:28,919 |-INFO in ch.qos.logback.classic.LoggerContext[default] - Could NOT find resource [logback-test.scmo]
23:10:28,920 |-INFO in ch.qos.logback.classic.LoggerContext[default] - Could NOT find resource [logback.scmo]
23:10:28,920 |-INFO in ch.qos.logback.classic.util.ContextInitializer@31142d58 - ch.qos.logback.classic.joran.SerializedModelConfigurator.configure() call lasted 6 milliseconds. ExecutionStatus=INVOKE_NEXT_IF_ANY
23:10:28,920 |-INFO in ch.qos.logback.classic.util.ContextInitializer@31142d58 - Trying to configure with ch.qos.logback.classic.util.DefaultJoranConfigurator
23:10:28,921 |-INFO in ch.qos.logback.classic.util.ContextInitializer@31142d58 - Constructed configurator of type class ch.qos.logback.classic.util.DefaultJoranConfigurator
23:10:28,923 |-INFO in ch.qos.logback.classic.LoggerContext[default] - Could NOT find resource [logback-test.xml]
23:10:28,923 |-INFO in ch.qos.logback.classic.LoggerContext[default] - Could NOT find resource [logback.xml]
23:10:28,923 |-INFO in ch.qos.logback.classic.util.ContextInitializer@31142d58 - ch.qos.logback.classic.util.DefaultJoranConfigurator.configure() call lasted 2 milliseconds. ExecutionStatus=INVOKE_NEXT_IF_ANY
23:10:28,923 |-INFO in ch.qos.logback.classic.util.ContextInitializer@31142d58 - Trying to configure with ch.qos.logback.classic.BasicConfigurator
23:10:28,926 |-INFO in ch.qos.logback.classic.util.ContextInitializer@31142d58 - Constructed configurator of type class ch.qos.logback.classic.BasicConfigurator
23:10:28,926 |-INFO in ch.qos.logback.classic.BasicConfigurator@e38f0b7 - Setting up default configuration.
23:10:28,960 |-INFO in ch.qos.logback.classic.util.ContextInitializer@31142d58 - ch.qos.logback.classic.BasicConfigurator.configure() call lasted 34 milliseconds. ExecutionStatus=NEUTRAL
23:10:36,884 |-INFO in ch.qos.logback.core.joran.util.ConfigurationWatchListUtil@1192b58e - Adding [jar:file:/C:/Users/Gabriel/.m2/repository/org/springframework/boot/spring-boot/3.2.2/spring-boot-3.2.2.jar!/org/springframework/boot/logging/logback/defaults.xml] to configuration watch list.
23:10:36,884 |-INFO in ch.qos.logback.core.joran.spi.ConfigurationWatchList@4f8d86e4 - URL [jar:file:/C:/Users/Gabriel/.m2/repository/org/springframework/boot/spring-boot/3.2.2/spring-boot-3.2.2.jar!/org/springframework/boot/logging/logback/defaults.xml] is not of type file
23:10:36,890 |-INFO in ch.qos.logback.core.joran.action.ConversionRuleAction - registering conversion word clr with class [org.springframework.boot.logging.logback.ColorConverter]
23:10:36,890 |-INFO in ch.qos.logback.core.joran.action.ConversionRuleAction - registering conversion word correlationId with class [org.springframework.boot.logging.logback.CorrelationIdConverter]
23:10:36,890 |-INFO in ch.qos.logback.core.joran.action.ConversionRuleAction - registering conversion word wex with class [org.springframework.boot.logging.logback.WhitespaceThrowableProxyConverter]
23:10:36,890 |-INFO in ch.qos.logback.core.joran.action.ConversionRuleAction - registering conversion word wEx with class [org.springframework.boot.logging.logback.ExtendedWhitespaceThrowableProxyConverter]
23:10:36,960 |-INFO in ch.qos.logback.classic.model.processor.LoggerModelHandler - Setting level of logger [org.apache.catalina.startup.DigesterFactory] to ERROR
23:10:36,960 |-INFO in ch.qos.logback.classic.jul.LevelChangePropagator@5f631ca0 - Propagating ERROR level on Logger[org.apache.catalina.startup.DigesterFactory] onto the JUL framework
23:10:36,961 |-INFO in ch.qos.logback.classic.model.processor.LoggerModelHandler - Setting level of logger [org.apache.catalina.util.LifecycleBase] to ERROR
23:10:36,961 |-INFO in ch.qos.logback.classic.jul.LevelChangePropagator@5f631ca0 - Propagating ERROR level on Logger[org.apache.catalina.util.LifecycleBase] onto the JUL framework
23:10:36,961 |-INFO in ch.qos.logback.classic.model.processor.LoggerModelHandler - Setting level of logger [org.apache.coyote.http11.Http11NioProtocol] to WARN
23:10:36,961 |-INFO in ch.qos.logback.classic.jul.LevelChangePropagator@5f631ca0 - Propagating WARN level on Logger[org.apache.coyote.http11.Http11NioProtocol] onto the JUL framework
23:10:36,961 |-INFO in ch.qos.logback.classic.model.processor.LoggerModelHandler - Setting level of logger [org.apache.sshd.common.util.SecurityUtils] to WARN
23:10:36,961 |-INFO in ch.qos.logback.classic.jul.LevelChangePropagator@5f631ca0 - Propagating WARN level on Logger[org.apache.sshd.common.util.SecurityUtils] onto the JUL framework
23:10:36,961 |-INFO in ch.qos.logback.classic.model.processor.LoggerModelHandler - Setting level of logger [org.apache.tomcat.util.net.NioSelectorPool] to WARN
23:10:36,961 |-INFO in ch.qos.logback.classic.jul.LevelChangePropagator@5f631ca0 - Propagating WARN level on Logger[org.apache.tomcat.util.net.NioSelectorPool] onto the JUL framework
23:10:36,961 |-INFO in ch.qos.logback.classic.model.processor.LoggerModelHandler - Setting level of logger [org.eclipse.jetty.util.component.AbstractLifeCycle] to ERROR
23:10:36,961 |-INFO in ch.qos.logback.classic.jul.LevelChangePropagator@5f631ca0 - Propagating ERROR level on Logger[org.eclipse.jetty.util.component.AbstractLifeCycle] onto the JUL framework
23:10:36,962 |-INFO in ch.qos.logback.classic.model.processor.LoggerModelHandler - Setting level of logger [org.hibernate.validator.internal.util.Version] to WARN
23:10:36,962 |-INFO in ch.qos.logback.classic.jul.LevelChangePropagator@5f631ca0 - Propagating WARN level on Logger[org.hibernate.validator.internal.util.Version] onto the JUL framework
23:10:36,962 |-INFO in ch.qos.logback.classic.model.processor.LoggerModelHandler - Setting level of logger [org.springframework.boot.actuate.endpoint.jmx] to WARN
23:10:36,962 |-INFO in ch.qos.logback.classic.jul.LevelChangePropagator@5f631ca0 - Propagating WARN level on Logger[org.springframework.boot.actuate.endpoint.jmx] onto the JUL framework
23:10:36,962 |-WARN in ch.qos.logback.core.model.processor.AppenderModelHandler - Appender named [CONSOLE] not referenced. Skipping further processing.
23:10:36,962 |-WARN in ch.qos.logback.core.model.processor.AppenderModelHandler - Appender named [CONSOLE_PLAIN] not referenced. Skipping further processing.
23:10:36,963 |-INFO in ch.qos.logback.core.model.processor.DefaultProcessor@1697f2b3 - End of configuration.
23:10:36,963 |-INFO in org.springframework.boot.logging.logback.SpringBootJoranConfigurator@12ad1b2a - Registering current configuration as safe fallback point


  .   ____          _            __ _ _
 /\\ / ___'_ __ _ _(_)_ __  __ _ \ \ \ \
( ( )\___ | '_ | '_| | '_ \/ _` | \ \ \ \
 \\/  ___)| |_)| | | | | || (_| |  ) ) ) )
  '  |____| .__|_| |_|_| |_\__, | / / / /
 =========|_|==============|___/=/_/_/_/
 :: Spring Boot ::                (v3.2.2)

]]></system-out>
  </testcase>
  <testcase name="shouldCreateWalletAndRegisterPixKey" classname="br.com.walletpix.presentation.controller.WalletControllerIntegrationTest" time="0.331"/>
  <testcase name="shouldRegisterEvpKeyWithGeneratedValues" classname="br.com.walletpix.presentation.controller.WalletControllerIntegrationTest" time="0.066"/>
</testsuite>