<?xml version="1.0" encoding="UTF-8"?>
<testsuite xmlns:xsi="http://www.w3.org/2001/XMLSchema-instance" xsi:noNamespaceSchemaLocation="https://maven.apache.org/surefire/maven-surefire-plugin/xsd/surefire-test-report-3.0.xsd" version="3.0" name="br.com.walletpix.presentation.controller.ConcurrencyIntegrationTest" time="50.813" tests="1" errors="0" skipped="0" failures="0">
  <properties>
[...]
</properties>
  <testcase name="shouldHandleConcurrentWithdrawalsWithOptimisticLocking" classname="br.com.walletpix.presentation.controller.ConcurrencyIntegrationTest" time="3.827">
    <system-out><![CDATA[18:13:04.611 [main] INFO org.springframework.test.context.support.AnnotationConfigContextLoaderUtils -- Could not detect default configuration classes for test class [br.com.walletpix.presentation.controller.ConcurrencyIntegrationTest]: ConcurrencyIntegrationTest does not declare any static, non-private, non-final, nested classes annotated with @Configuration.
18:13:04.960 [main] INFO org.springframework.boot.test.context.SpringBootTestContextBootstrapper -- Found @SpringBootConfiguration br.com.walletpix.WalletPixServiceApplication for test class br.com.walletpix.presentation.controller.ConcurrencyIntegrationTest
18:13:05.406 [main] INFO org.testcontainers.images.PullPolicy -- Image pull policy will be performed by: DefaultPullPolicy()
18:13:05.415 [main] INFO org.testcontainers.utility.ImageNameSubstitutor -- Image name substitution will be performed by: DefaultImageNameSubstitutor (composite of 'ConfigurationFileImageNameSubstitutor' and 'PrefixingImageNameSubstitutor')
18:13:06.001 [main] INFO org.testcontainers.dockerclient.DockerClientProviderStrategy -- Loaded org.testcontainers.dockerclient.NpipeSocketClientProviderStrategy from ~/.testcontainers.properties, will try it first
18:13:07.156 [main] INFO org.testcontainers.dockerclient.DockerClientProviderStrategy -- Found Docker environment with local Npipe socket (npipe:////./pipe/docker_engine)
18:13:07.172 [main] INFO org.testcontainers.DockerClientFactory -- Docker host IP address is localhost
18:13:07.231 [main] INFO org.testcontainers.DockerClientFactory -- Connected to docker: 
  Server Version: 20.10.17
  API Version: 1.41
  Operating System: Docker Desktop
  Total Memory: 12690 MB
18:13:07.308 [main] INFO tc.testcontainers/ryuk:0.5.1 -- Creating container for image: testcontainers/ryuk:0.5.1
18:13:07.853 [main] INFO org.testcontainers.utility.RegistryAuthLocator -- Credential helper/store (docker-credential-desktop) does not have credentials for https://index.docker.io/v1/
18:13:08.084 [main] INFO tc.testcontainers/ryuk:0.5.1 -- Container testcontainers/ryuk:0.5.1 is starting: 6fa83f5544f14cebbb3229bf846f4b507ea6182c13be1abf67a42b877be57d1f
18:13:09.384 [main] INFO tc.testcontainers/ryuk:0.5.1 -- Container testcontainers/ryuk:0.5.1 started in PT2.0756527S
18:13:09.420 [main] INFO org.testcontainers.utility.RyukResourceReaper -- Ryuk started - will monitor and terminate Testcontainers containers on JVM exit
18:13:09.420 [main] INFO org.testcontainers.DockerClientFactory -- Checking the system...
18:13:09.422 [main] INFO org.testcontainers.DockerClientFactory -- ?? Docker server version should be at least 1.6.0
18:13:09.423 [main] INFO tc.postgres:15-alpine -- Creating container for image: postgres:15-alpine
18:13:09.709 [main] INFO tc.postgres:15-alpine -- Container postgres:15-alpine is starting: f9762fee9c6e201ba4c2978b31196d7a5eb9bf24dfecb5a06bf904d181040d7c
18:13:13.513 [main] INFO tc.postgres:15-alpine -- Container postgres:15-alpine started in PT4.0900978S
18:13:13.516 [main] INFO tc.postgres:15-alpine -- Container is started (JDBC URL: jdbc:postgresql://localhost:52326/walletpix?loggerLevel=OFF)
18:13:04,293 |-INFO in ch.qos.logback.classic.LoggerContext[default] - This is logback-classic version 1.4.14
18:13:04,300 |-INFO in ch.qos.logback.classic.util.ContextInitializer@4232b34a - Here is a list of configurators discovered as a service, by rank: 
18:13:04,301 |-INFO in ch.qos.logback.classic.util.ContextInitializer@4232b34a -   org.springframework.boot.logging.logback.RootLogLevelConfigurator
18:13:04,301 |-INFO in ch.qos.logback.classic.util.ContextInitializer@4232b34a - They will be invoked in order until ExecutionStatus.DO_NOT_INVOKE_NEXT_IF_ANY is returned.
18:13:04,301 |-INFO in ch.qos.logback.classic.util.ContextInitializer@4232b34a - Constructed configurator of type class org.springframework.boot.logging.logback.RootLogLevelConfigurator
18:13:04,324 |-INFO in ch.qos.logback.classic.util.ContextInitializer@4232b34a - org.springframework.boot.logging.logback.RootLogLevelConfigurator.configure() call lasted 1 milliseconds. ExecutionStatus=INVOKE_NEXT_IF_ANY
18:13:04,324 |-INFO in ch.qos.logback.classic.util.ContextInitializer@4232b34a - Trying to configure with ch.qos.logback.classic.joran.SerializedModelConfigurator
18:13:04,325 |-INFO in ch.qos.logback.classic.util.ContextInitializer@4232b34a - Constructed configurator of type class ch.qos.logback.classic.joran.SerializedModelConfigurator
18:13:04,329 |-INFO in ch.qos.logback.classic.LoggerContext[default] - Could NOT find resource [logback-test.scmo]
18:13:04,330 |-INFO in ch.qos.logback.classic.LoggerContext[default] - Could NOT find resource [logback.scmo]
18:13:04,330 |-INFO in ch.qos.logback.classic.util.ContextInitializer@4232b34a - ch.qos.logback.classic.joran.SerializedModelConfigurator.configure() call lasted 5 milliseconds. ExecutionStatus=INVOKE_NEXT_IF_ANY
18:13:04,330 |-INFO in ch.qos.logback.classic.util.ContextInitializer@4232b34a - Trying to configure with ch.qos.logback.classic.util.DefaultJoranConfigurator
18:13:04,331 |-INFO in ch.qos.logback.classic.util.ContextInitializer@4232b34a - Constructed configurator of type class ch.qos.logback.classic.util.DefaultJoranConfigurator
18:13:04,332 |-INFO in ch.qos.logback.classic.LoggerContext[default] - Could NOT find resource [logback-test.xml]
18:13:04,332 |-INFO in ch.qos.logback.classic.LoggerContext[default] - Could NOT find resource [logback.xml]
18:13:04,332 |-INFO in ch.qos.logback.classic.util.ContextInitializer@4232b34a - ch.qos.logback.classic.util.DefaultJoranConfigurator.configure() call lasted 1 milliseconds. ExecutionStatus=INVOKE_NEXT_IF_ANY
18:13:04,332 |-INFO in ch.qos.logback.classic.util.ContextInitializer@4232b34a - Trying to configure with ch.qos.logback.classic.BasicConfigurator
18:13:04,335 |-INFO in ch.qos.logback.classic.util.ContextInitializer@4232b34a - Constructed configurator of type class ch.qos.logback.classic.BasicConfigurator
18:13:04,335 |-INFO in ch.qos.logback.classic.BasicConfigurator@2da16263 - Setting up default configuration.
18:13:04,364 |-INFO in ch.qos.logback.classic.util.ContextInitializer@4232b34a - ch.qos.logback.classic.BasicConfigurator.configure() call lasted 29 milliseconds. ExecutionStatus=NEUTRAL
18:13:15,638 |-INFO in ch.qos.logback.core.joran.util.ConfigurationWatchListUtil@f5ce0bb - Adding [jar:file:/C:/Users/Gabriel/.m2/repository/org/springframework/boot/spring-boot/3.2.2/spring-boot-3.2.2.jar!/org/springframework/boot/logging/logback/defaults.xml] to configuration watch list.
18:13:15,639 |-INFO in ch.qos.logback.core.joran.spi.ConfigurationWatchList@47e51549 - URL [jar:file:/C:/Users/Gabriel/.m2/repository/org/springframework/boot/spring-boot/3.2.2/spring-boot-3.2.2.jar!/org/springframework/boot/logging/logback/defaults.xml] is not of type file
18:13:15,644 |-INFO in ch.qos.logback.core.joran.action.ConversionRuleAction - registering conversion word clr with class [org.springframework.boot.logging.logback.ColorConverter]
18:13:15,644 |-INFO in ch.qos.logback.core.joran.action.ConversionRuleAction - registering conversion word correlationId with class [org.springframework.boot.logging.logback.CorrelationIdConverter]
18:13:15,645 |-INFO in ch.qos.logback.core.joran.action.ConversionRuleAction - registering conversion word wex with class [org.springframework.boot.logging.logback.WhitespaceThrowableProxyConverter]
18:13:15,645 |-INFO in ch.qos.logback.core.joran.action.ConversionRuleAction - registering conversion word wEx with class [org.springframework.boot.logging.logback.ExtendedWhitespaceThrowableProxyConverter]
18:13:15,837 |-INFO in ch.qos.logback.classic.model.processor.LoggerModelHandler - Setting level of logger [org.apache.catalina.startup.DigesterFactory] to ERROR
18:13:15,838 |-INFO in ch.qos.logback.classic.jul.LevelChangePropagator@101a461c - Propagating ERROR level on Logger[org.apache.catalina.startup.DigesterFactory] onto the JUL framework
18:13:15,839 |-INFO in ch.qos.logback.classic.model.processor.LoggerModelHandler - Setting level of logger [org.apache.catalina.util.LifecycleBase] to ERROR
18:13:15,840 |-INFO in ch.qos.logback.classic.jul.LevelChangePropagator@101a461c - Propagating ERROR level on Logger[org.apache.catalina.util.LifecycleBase] onto the JUL framework
18:13:15,840 |-INFO in ch.qos.logback.classic.model.processor.LoggerModelHandler - Setting level of logger [org.apache.coyote.http11.Http11NioProtocol] to WARN
18:13:15,840 |-INFO in ch.qos.logback.classic.jul.LevelChangePropagator@101a461c - Propagating WARN level on Logger[org.apache.coyote.http11.Http11NioProtocol] onto the JUL framework
18:13:15,840 |-INFO in ch.qos.logback.classic.model.processor.LoggerModelHandler - Setting level of logger [org.apache.sshd.common.util.SecurityUtils] to WARN
18:13:15,840 |-INFO in ch.qos.logback.classic.jul.LevelChangePropagator@101a461c - Propagating WARN level on Logger[org.apache.sshd.common.util.SecurityUtils] onto the JUL framework
18:13:15,841 |-INFO in ch.qos.logback.classic.model.processor.LoggerModelHandler - Setting level of logger [org.apache.tomcat.util.net.NioSelectorPool] to WARN
18:13:15,841 |-INFO in ch.qos.logback.classic.jul.LevelChangePropagator@101a461c - Propagating WARN level on Logger[org.apache.tomcat.util.net.NioSelectorPool] onto the JUL framework
18:13:15,842 |-INFO in ch.qos.logback.classic.model.processor.LoggerModelHandler - Setting level of logger [org.eclipse.jetty.util.component.AbstractLifeCycle] to ERROR
18:13:15,842 |-INFO in ch.qos.logback.classic.jul.LevelChangePropagator@101a461c - Propagating ERROR level on Logger[org.eclipse.jetty.util.component.AbstractLifeCycle] onto the JUL framework
18:13:15,842 |-INFO in ch.qos.logback.classic.model.processor.LoggerModelHandler - Setting level of logger [org.hibernate.validator.internal.util.Version] to WARN
18:13:15,842 |-INFO in ch.qos.logback.classic.jul.LevelChangePropagator@101a461c - Propagating WARN level on Logger[org.hibernate.validator.internal.util.Version] onto the JUL framework
18:13:15,843 |-INFO in ch.qos.logback.classic.model.processor.LoggerModelHandler - Setting level of logger [org.springframework.boot.actuate.endpoint.jmx] to WARN
18:13:15,843 |-INFO in ch.qos.logback.classic.jul.LevelChangePropagator@101a461c - Propagating WARN level on Logger[org.springframework.boot.actuate.endpoint.jmx] onto the JUL framework
18:13:15,844 |-WARN in ch.qos.logback.core.model.processor.AppenderModelHandler - Appender named [CONSOLE] not referenced. Skipping further processing.
18:13:15,844 |-WARN in ch.qos.logback.core.model.processor.AppenderModelHandler - Appender named [CONSOLE_PLAIN] not referenced. Skipping further processing.
18:13:15,844 |-INFO in ch.qos.logback.core.model.processor.DefaultProcessor@360e9c06 - End of configuration.
18:13:15,844 |-INFO in org.springframework.boot.logging.logback.SpringBootJoranConfigurator@5ebffb44 - Registering current configuration as safe fallback point


  .   ____          _            __ _ _
 /\\ / ___'_ __ _ _(_)_ __  __ _ \ \ \ \
( ( )\___ | '_ | '_| | '_ \/ _` | \ \ \ \
 \\/  ___)| |_)| | | | | || (_| |  ) ) ) )
  '  |____| .__|_| |_|_| |_\__, | / / / /
 =========|_|==============|___/=/_/_/_/
 :: Spring Boot ::                (v3.2.2)

Sucessos: 1
Falhas (Locking): 9
Saldo Final: 90.00
]]></system-out>
  </testcase>
</testsuite>