<?xml version="1.0" encoding="UTF-8"?>
<testsuite xmlns:xsi="http://www.w3.org/2001/XMLSchema-instance" xsi:noNamespaceSchemaLocation="https://maven.apache.org/surefire/maven-surefire-plugin/xsd/surefire-test-report-3.0.xsd" version="3.0" name="br.com.walletpix.presentation.controller.PixTransferIntegrationTest" time="27.263" tests="4" errors="0" skipped="0" failures="0">
  <properties>
[...]
</properties>
  <testcase name="shouldFailWhenInsufficientBalance" classname="br.com.walletpix.presentation.controller.PixTransferIntegrationTest" time="2.134">
    <system-out><![CDATA[15:20:53.547 [main] INFO org.springframework.test.context.support.AnnotationConfigContextLoaderUtils -- Could not detect default configuration classes for test class [br.com.walletpix.presentation.controller.PixTransferIntegrationTest]: PixTransferIntegrationTest does not declare any static, non-private, non-final, nested classes annotated with @Configuration.
15:20:53.919 [main] INFO org.springframework.boot.test.context.SpringBootTestContextBootstrapper -- Found @SpringBootConfiguration br.com.walletpix.WalletPixServiceApplication for test class br.com.walletpix.presentation.controller.PixTransferIntegrationTest
15:20:54.179 [main] INFO org.testcontainers.images.PullPolicy -- Image pull policy will be performed by: DefaultPullPolicy()
15:20:54.186 [main] INFO org.testcontainers.utility.ImageNameSubstitutor -- Image name substitution will be performed by: DefaultImageNameSubstitutor (composite of 'ConfigurationFileImageNameSubstitutor' and 'PrefixingImageNameSubstitutor')
15:20:54.651 [main] INFO org.testcontainers.dockerclient.DockerClientProviderStrategy -- Loaded org.testcontainers.dockerclient.NpipeSocketClientProviderStrategy from ~/.testcontainers.properties, will try it first
15:20:56.378 [main] INFO org.testcontainers.dockerclient.DockerClientProviderStrategy -- Found Docker environment with local Npipe socket (npipe:////./pipe/docker_engine)
15:20:56.389 [main] INFO org.testcontainers.DockerClientFactory -- Docker host IP address is localhost
15:20:56.555 [main] INFO org.testcontainers.DockerClientFactory -- Connected to docker: 
  Server Version: 20.10.17
  API Version: 1.41
  Operating System: Docker Desktop
  Total Memory: 12690 MB
15:20:56.726 [main] INFO tc.testcontainers/ryuk:0.5.1 -- Creating container for image: testcontainers/ryuk:0.5.1
15:20:57.160 [main] INFO org.testcontainers.utility.RegistryAuthLocator -- Credential helper/store (docker-credential-desktop) does not have credentials for https://index.docker.io/v1/
15:20:57.466 [main] INFO tc.testcontainers/ryuk:0.5.1 -- Container testcontainers/ryuk:0.5.1 is starting: c06591a262ce8f6294f0698dd1c16a49b6b00a54f63d6cf00820fffe3d29e960
15:20:59.014 [main] INFO tc.testcontainers/ryuk:0.5.1 -- Container testcontainers/ryuk:0.5.1 started in PT2.2879575S
15:20:59.042 [main] INFO org.testcontainers.utility.RyukResourceReaper -- Ryuk started - will monitor and terminate Testcontainers containers on JVM exit
15:20:59.042 [main] INFO org.testcontainers.DockerClientFactory -- Checking the system...
15:20:59.044 [main] INFO org.testcontainers.DockerClientFactory -- ?? Docker server version should be at least 1.6.0
15:20:59.045 [main] INFO tc.postgres:15-alpine -- Creating container for image: postgres:15-alpine
15:20:59.210 [main] INFO tc.postgres:15-alpine -- Container postgres:15-alpine is starting: b945a84821f921943226e3b0330d11561f055ccd8ea68124b451dd49929487a0
15:21:03.325 [main] INFO tc.postgres:15-alpine -- Container postgres:15-alpine started in PT4.2793515S
15:21:03.327 [main] INFO tc.postgres:15-alpine -- Container is started (JDBC URL: jdbc:postgresql://localhost:51280/walletpix?loggerLevel=OFF)

  .   ____          _            __ _ _
 /\\ / ___'_ __ _ _(_)_ __  __ _ \ \ \ \
( ( )\___ | '_ | '_| | '_ \/ _` | \ \ \ \
 \\/  ___)| |_)| | | | | || (_| |  ) ) ) )
  '  |____| .__|_| |_|_| |_\__, | / / / /
 =========|_|==============|___/=/_/_/_/
 :: Spring Boot ::                (v3.2.2)

{"timestamp":"2026-01-11T15:21:04.3223962-03:00","@version":"1","message":"Starting PixTransferIntegrationTest using Java 17.0.17 with PID 20096 (started by Gabriel in C:\\Users\\Gabriel\\Desktop\\Codes\\wallet-pix-service)","logger":"br.com.walletpix.presentation.controller.PixTransferIntegrationTest","thread":"main","level":"INFO","level_value":20000}
{"timestamp":"2026-01-11T15:21:04.3342019-03:00","@version":"1","message":"Running with Spring Boot v3.2.2, Spring v6.1.3","logger":"br.com.walletpix.presentation.controller.PixTransferIntegrationTest","thread":"main","level":"DEBUG","level_value":10000}
{"timestamp":"2026-01-11T15:21:04.335989-03:00","@version":"1","message":"The following 1 profile is active: \"test\"","logger":"br.com.walletpix.presentation.controller.PixTransferIntegrationTest","thread":"main","level":"INFO","level_value":20000}
{"timestamp":"2026-01-11T15:21:06.1701556-03:00","@version":"1","message":"Bootstrapping Spring Data JPA repositories in DEFAULT mode.","logger":"org.springframework.data.repository.config.RepositoryConfigurationDelegate","thread":"main","level":"INFO","level_value":20000}
{"timestamp":"2026-01-11T15:21:06.337157-03:00","@version":"1","message":"Finished Spring Data repository scanning in 143 ms. Found 5 JPA repository interfaces.","logger":"org.springframework.data.repository.config.RepositoryConfigurationDelegate","thread":"main","level":"INFO","level_value":20000}
{"timestamp":"2026-01-11T15:21:08.0332529-03:00","@version":"1","message":"Tomcat initialized with port 0 (http)","logger":"org.springframework.boot.web.embedded.tomcat.TomcatWebServer","thread":"main","level":"INFO","level_value":20000}
{"timestamp":"2026-01-11T15:21:08.0544755-03:00","@version":"1","message":"Starting service [Tomcat]","logger":"org.apache.catalina.core.StandardService","thread":"main","level":"INFO","level_value":20000}
{"timestamp":"2026-01-11T15:21:08.0554775-03:00","@version":"1","message":"Starting Servlet engine: [Apache Tomcat/10.1.18]","logger":"org.apache.catalina.core.StandardEngine","thread":"main","level":"INFO","level_value":20000}
{"timestamp":"2026-01-11T15:21:08.2227268-03:00","@version":"1","message":"Initializing Spring embedded WebApplicationContext","logger":"org.apache.catalina.core.ContainerBase.[Tomcat].[localhost].[/]","thread":"main","level":"INFO","level_value":20000}
{"timestamp":"2026-01-11T15:21:08.2247236-03:00","@version":"1","message":"Root WebApplicationContext: initialization completed in 3852 ms","logger":"org.springframework.boot.web.servlet.context.ServletWebServerApplicationContext","thread":"main","level":"INFO","level_value":20000}
{"timestamp":"2026-01-11T15:21:08.9455406-03:00","@version":"1","message":"HikariPool-1 - Starting...","logger":"com.zaxxer.hikari.HikariDataSource","thread":"main","level":"INFO","level_value":20000}
{"timestamp":"2026-01-11T15:21:09.2890235-03:00","@version":"1","message":"HikariPool-1 - Added connection org.postgresql.jdbc.PgConnection@912a644","logger":"com.zaxxer.hikari.pool.HikariPool","thread":"main","level":"INFO","level_value":20000}
{"timestamp":"2026-01-11T15:21:09.2920245-03:00","@version":"1","message":"HikariPool-1 - Start completed.","logger":"com.zaxxer.hikari.HikariDataSource","thread":"main","level":"INFO","level_value":20000}
{"timestamp":"2026-01-11T15:21:09.4826709-03:00","@version":"1","message":"Flyway Community Edition 9.22.3 by Redgate","logger":"org.flywaydb.core.internal.license.VersionPrinter","thread":"main","level":"INFO","level_value":20000}
{"timestamp":"2026-01-11T15:21:09.4826709-03:00","@version":"1","message":"See release notes here: https://rd.gt/416ObMi","logger":"org.flywaydb.core.internal.license.VersionPrinter","thread":"main","level":"INFO","level_value":20000}
{"timestamp":"2026-01-11T15:21:09.4832404-03:00","@version":"1","message":"","logger":"org.flywaydb.core.internal.license.VersionPrinter","thread":"main","level":"INFO","level_value":20000}
{"timestamp":"2026-01-11T15:21:09.5220478-03:00","@version":"1","message":"Database: jdbc:postgresql://localhost:51280/walletpix (PostgreSQL 15.15)","logger":"org.flywaydb.core.FlywayExecutor","thread":"main","level":"INFO","level_value":20000}
{"timestamp":"2026-01-11T15:21:09.6077037-03:00","@version":"1","message":"Schema history table \"public\".\"flyway_schema_history\" does not exist yet","logger":"org.flywaydb.core.internal.schemahistory.JdbcTableSchemaHistory","thread":"main","level":"INFO","level_value":20000}
{"timestamp":"2026-01-11T15:21:09.6167462-03:00","@version":"1","message":"Successfully validated 3 migrations (execution time 00:00.050s)","logger":"org.flywaydb.core.internal.command.DbValidate","thread":"main","level":"INFO","level_value":20000}
{"timestamp":"2026-01-11T15:21:09.6536367-03:00","@version":"1","message":"Creating Schema History table \"public\".\"flyway_schema_history\" ...","logger":"org.flywaydb.core.internal.schemahistory.JdbcTableSchemaHistory","thread":"main","level":"INFO","level_value":20000}
{"timestamp":"2026-01-11T15:21:09.7450503-03:00","@version":"1","message":"Current version of schema \"public\": << Empty Schema >>","logger":"org.flywaydb.core.internal.command.DbMigrate","thread":"main","level":"INFO","level_value":20000}
{"timestamp":"2026-01-11T15:21:09.764257-03:00","@version":"1","message":"Migrating schema \"public\" to version \"1 - create wallet and pix key tables\"","logger":"org.flywaydb.core.internal.command.DbMigrate","thread":"main","level":"INFO","level_value":20000}
{"timestamp":"2026-01-11T15:21:09.8228353-03:00","@version":"1","message":"Migrating schema \"public\" to version \"2 - create ledger table\"","logger":"org.flywaydb.core.internal.command.DbMigrate","thread":"main","level":"INFO","level_value":20000}
{"timestamp":"2026-01-11T15:21:09.8608363-03:00","@version":"1","message":"Migrating schema \"public\" to version \"3 - create pix and idempotency tables\"","logger":"org.flywaydb.core.internal.command.DbMigrate","thread":"main","level":"INFO","level_value":20000}
{"timestamp":"2026-01-11T15:21:09.903838-03:00","@version":"1","message":"Successfully applied 3 migrations to schema \"public\", now at version v3 (execution time 00:00.065s)","logger":"org.flywaydb.core.internal.command.DbMigrate","thread":"main","level":"INFO","level_value":20000}
{"timestamp":"2026-01-11T15:21:10.0896686-03:00","@version":"1","message":"HHH000204: Processing PersistenceUnitInfo [name: default]","logger":"org.hibernate.jpa.internal.util.LogHelper","thread":"main","level":"INFO","level_value":20000}
{"timestamp":"2026-01-11T15:21:10.2543081-03:00","@version":"1","message":"HHH000412: Hibernate ORM core version 6.4.1.Final","logger":"org.hibernate.Version","thread":"main","level":"INFO","level_value":20000}
{"timestamp":"2026-01-11T15:21:10.3250704-03:00","@version":"1","message":"HHH000026: Second-level cache disabled","logger":"org.hibernate.cache.internal.RegionFactoryInitiator","thread":"main","level":"INFO","level_value":20000}
{"timestamp":"2026-01-11T15:21:10.9239214-03:00","@version":"1","message":"No LoadTimeWeaver setup: ignoring JPA class transformer","logger":"org.springframework.orm.jpa.persistenceunit.SpringPersistenceUnitInfo","thread":"main","level":"INFO","level_value":20000}
{"timestamp":"2026-01-11T15:21:11.0504506-03:00","@version":"1","message":"addDescriptor(2003, org.hibernate.type.descriptor.sql.internal.ArrayDdlTypeImpl@64a00fe0) replaced previous registration(org.hibernate.type.descriptor.sql.internal.ArrayDdlTypeImpl@347f0950)","logger":"org.hibernate.type.descriptor.sql.spi.DdlTypeRegistry","thread":"main","level":"DEBUG","level_value":10000}
{"timestamp":"2026-01-11T15:21:11.0514494-03:00","@version":"1","message":"addDescriptor(6, org.hibernate.type.descriptor.sql.internal.CapacityDependentDdlType@5ab1107d) replaced previous registration(org.hibernate.type.descriptor.sql.internal.DdlTypeImpl@671561b9)","logger":"org.hibernate.type.descriptor.sql.spi.DdlTypeRegistry","thread":"main","level":"DEBUG","level_value":10000}
{"timestamp":"2026-01-11T15:21:12.5877506-03:00","@version":"1","message":"HHH000489: No JTA platform available (set 'hibernate.transaction.jta.platform' to enable JTA platform integration)","logger":"org.hibernate.engine.transaction.jta.platform.internal.JtaPlatformInitiator","thread":"main","level":"INFO","level_value":20000}
{"timestamp":"2026-01-11T15:21:12.6498135-03:00","@version":"1","message":"Initialized JPA EntityManagerFactory for persistence unit 'default'","logger":"org.springframework.orm.jpa.LocalContainerEntityManagerFactoryBean","thread":"main","level":"INFO","level_value":20000}
{"timestamp":"2026-01-11T15:21:13.340958-03:00","@version":"1","message":"Hibernate is in classpath; If applicable, HQL parser will be used.","logger":"org.springframework.data.jpa.repository.query.QueryEnhancerFactory","thread":"main","level":"INFO","level_value":20000}
{"timestamp":"2026-01-11T15:21:14.8448428-03:00","@version":"1","message":"spring.jpa.open-in-view is enabled by default. Therefore, database queries may be performed during view rendering. Explicitly configure spring.jpa.open-in-view to disable this warning","logger":"org.springframework.boot.autoconfigure.orm.jpa.JpaBaseConfiguration$JpaWebConfiguration","thread":"main","level":"WARN","level_value":30000}
{"timestamp":"2026-01-11T15:21:16.2988776-03:00","@version":"1","message":"Exposing 2 endpoint(s) beneath base path '/actuator'","logger":"org.springframework.boot.actuate.endpoint.web.EndpointLinksResolver","thread":"main","level":"INFO","level_value":20000}
{"timestamp":"2026-01-11T15:21:16.483052-03:00","@version":"1","message":"Tomcat started on port 51291 (http) with context path ''","logger":"org.springframework.boot.web.embedded.tomcat.TomcatWebServer","thread":"main","level":"INFO","level_value":20000}
{"timestamp":"2026-01-11T15:21:16.5123387-03:00","@version":"1","message":"Started PixTransferIntegrationTest in 13.103 seconds (process running for 24.66)","logger":"br.com.walletpix.presentation.controller.PixTransferIntegrationTest","thread":"main","level":"INFO","level_value":20000}
{"timestamp":"2026-01-11T15:21:17.6971366-03:00","@version":"1","message":"Initializing Spring DispatcherServlet 'dispatcherServlet'","logger":"org.apache.catalina.core.ContainerBase.[Tomcat].[localhost].[/]","thread":"http-nio-auto-1-exec-1","level":"INFO","level_value":20000}
{"timestamp":"2026-01-11T15:21:17.6971366-03:00","@version":"1","message":"Initializing Servlet 'dispatcherServlet'","logger":"org.springframework.web.servlet.DispatcherServlet","thread":"http-nio-auto-1-exec-1","level":"INFO","level_value":20000}
{"timestamp":"2026-01-11T15:21:17.6991225-03:00","@version":"1","message":"Completed initialization in 2 ms","logger":"org.springframework.web.servlet.DispatcherServlet","thread":"http-nio-auto-1-exec-1","level":"INFO","level_value":20000}
{"timestamp":"2026-01-11T15:21:17.8412748-03:00","@version":"1","message":"\r\n    select\r\n        wje1_0.id,\r\n        wje1_0.balance,\r\n        wje1_0.version \r\n    from\r\n        wallets wje1_0 \r\n    where\r\n        wje1_0.id=?","logger":"org.hibernate.SQL","thread":"http-nio-auto-1-exec-1","level":"DEBUG","level_value":10000}
{"timestamp":"2026-01-11T15:21:17.9013991-03:00","@version":"1","message":"\r\n    insert \r\n    into\r\n        wallets\r\n        (balance, version, id) \r\n    values\r\n        (?, ?, ?)","logger":"org.hibernate.SQL","thread":"http-nio-auto-1-exec-1","level":"DEBUG","level_value":10000}
{"timestamp":"2026-01-11T15:21:18.1491821-03:00","@version":"1","message":"\r\n    select\r\n        wje1_0.id,\r\n        wje1_0.balance,\r\n        wje1_0.version \r\n    from\r\n        wallets wje1_0 \r\n    where\r\n        wje1_0.id=?","logger":"org.hibernate.SQL","thread":"http-nio-auto-1-exec-2","level":"DEBUG","level_value":10000}
{"timestamp":"2026-01-11T15:21:18.1685531-03:00","@version":"1","message":"\r\n    select\r\n        lje1_0.id,\r\n        lje1_0.amount,\r\n        lje1_0.created_at,\r\n        lje1_0.description,\r\n        lje1_0.entry_type,\r\n        lje1_0.wallet_id \r\n    from\r\n        ledger_entries lje1_0 \r\n    where\r\n        lje1_0.id=?","logger":"org.hibernate.SQL","thread":"http-nio-auto-1-exec-2","level":"DEBUG","level_value":10000}
{"timestamp":"2026-01-11T15:21:18.1762614-03:00","@version":"1","message":"\r\n    insert \r\n    into\r\n        ledger_entries\r\n        (amount, created_at, description, entry_type, wallet_id, id) \r\n    values\r\n        (?, ?, ?, ?, ?, ?)","logger":"org.hibernate.SQL","thread":"http-nio-auto-1-exec-2","level":"DEBUG","level_value":10000}
{"timestamp":"2026-01-11T15:21:18.1890262-03:00","@version":"1","message":"\r\n    update\r\n        wallets \r\n    set\r\n        balance=?,\r\n        version=? \r\n    where\r\n        id=? \r\n        and version=?","logger":"org.hibernate.SQL","thread":"http-nio-auto-1-exec-2","level":"DEBUG","level_value":10000}
{"timestamp":"2026-01-11T15:21:18.4892193-03:00","@version":"1","message":"\r\n    select\r\n        ije1_0.id,\r\n        ije1_0.created_at,\r\n        ije1_0.idempotency_key,\r\n        ije1_0.scope \r\n    from\r\n        idempotency ije1_0 \r\n    where\r\n        ije1_0.scope=? \r\n        and ije1_0.idempotency_key=?","logger":"org.hibernate.SQL","thread":"http-nio-auto-1-exec-3","level":"DEBUG","level_value":10000}
{"timestamp":"2026-01-11T15:21:18.5020483-03:00","@version":"1","message":"\r\n    select\r\n        wje1_0.id,\r\n        wje1_0.balance,\r\n        wje1_0.version \r\n    from\r\n        wallets wje1_0 \r\n    where\r\n        wje1_0.id=?","logger":"org.hibernate.SQL","thread":"http-nio-auto-1-exec-3","level":"DEBUG","level_value":10000}
]]></system-out>
  </testcase>
  <testcase name="shouldRollbackBalanceWhenPixIsRejected" classname="br.com.walletpix.presentation.controller.PixTransferIntegrationTest" time="0.297">
    <system-out><![CDATA[{"timestamp":"2026-01-11T15:21:18.781015-03:00","@version":"1","message":"\r\n    select\r\n        wje1_0.id,\r\n        wje1_0.balance,\r\n        wje1_0.version \r\n    from\r\n        wallets wje1_0 \r\n    where\r\n        wje1_0.id=?","logger":"org.hibernate.SQL","thread":"http-nio-auto-1-exec-4","level":"DEBUG","level_value":10000}
{"timestamp":"2026-01-11T15:21:18.7860183-03:00","@version":"1","message":"\r\n    insert \r\n    into\r\n        wallets\r\n        (balance, version, id) \r\n    values\r\n        (?, ?, ?)","logger":"org.hibernate.SQL","thread":"http-nio-auto-1-exec-4","level":"DEBUG","level_value":10000}
{"timestamp":"2026-01-11T15:21:18.8154262-03:00","@version":"1","message":"\r\n    select\r\n        wje1_0.id,\r\n        wje1_0.balance,\r\n        wje1_0.version \r\n    from\r\n        wallets wje1_0 \r\n    where\r\n        wje1_0.id=?","logger":"org.hibernate.SQL","thread":"http-nio-auto-1-exec-5","level":"DEBUG","level_value":10000}
{"timestamp":"2026-01-11T15:21:18.8201365-03:00","@version":"1","message":"\r\n    select\r\n        lje1_0.id,\r\n        lje1_0.amount,\r\n        lje1_0.created_at,\r\n        lje1_0.description,\r\n        lje1_0.entry_type,\r\n        lje1_0.wallet_id \r\n    from\r\n        ledger_entries lje1_0 \r\n    where\r\n        lje1_0.id=?","logger":"org.hibernate.SQL","thread":"http-nio-auto-1-exec-5","level":"DEBUG","level_value":10000}
{"timestamp":"2026-01-11T15:21:18.8241301-03:00","@version":"1","message":"\r\n    insert \r\n    into\r\n        ledger_entries\r\n        (amount, created_at, description, entry_type, wallet_id, id) \r\n    values\r\n        (?, ?, ?, ?, ?, ?)","logger":"org.hibernate.SQL","thread":"http-nio-auto-1-exec-5","level":"DEBUG","level_value":10000}
{"timestamp":"2026-01-11T15:21:18.8311307-03:00","@version":"1","message":"\r\n    update\r\n        wallets \r\n    set\r\n        balance=?,\r\n        version=? \r\n    where\r\n        id=? \r\n        and version=?","logger":"org.hibernate.SQL","thread":"http-nio-auto-1-exec-5","level":"DEBUG","level_value":10000}
{"timestamp":"2026-01-11T15:21:18.862702-03:00","@version":"1","message":"\r\n    select\r\n        ije1_0.id,\r\n        ije1_0.created_at,\r\n        ije1_0.idempotency_key,\r\n        ije1_0.scope \r\n    from\r\n        idempotency ije1_0 \r\n    where\r\n        ije1_0.scope=? \r\n        and ije1_0.idempotency_key=?","logger":"org.hibernate.SQL","thread":"http-nio-auto-1-exec-6","level":"DEBUG","level_value":10000}
{"timestamp":"2026-01-11T15:21:18.8678199-03:00","@version":"1","message":"\r\n    select\r\n        wje1_0.id,\r\n        wje1_0.balance,\r\n        wje1_0.version \r\n    from\r\n        wallets wje1_0 \r\n    where\r\n        wje1_0.id=?","logger":"org.hibernate.SQL","thread":"http-nio-auto-1-exec-6","level":"DEBUG","level_value":10000}
{"timestamp":"2026-01-11T15:21:18.8750049-03:00","@version":"1","message":"\r\n    select\r\n        lje1_0.id,\r\n        lje1_0.amount,\r\n        lje1_0.created_at,\r\n        lje1_0.description,\r\n        lje1_0.entry_type,\r\n        lje1_0.wallet_id \r\n    from\r\n        ledger_entries lje1_0 \r\n    where\r\n        lje1_0.id=?","logger":"org.hibernate.SQL","thread":"http-nio-auto-1-exec-6","level":"DEBUG","level_value":10000}
{"timestamp":"2026-01-11T15:21:18.8816367-03:00","@version":"1","message":"\r\n    select\r\n        ptje1_0.id,\r\n        ptje1_0.amount,\r\n        ptje1_0.created_at,\r\n        ptje1_0.end_to_end_id,\r\n        ptje1_0.idempotency_key,\r\n        ptje1_0.receiver_key_type,\r\n        ptje1_0.receiver_key_value,\r\n        ptje1_0.sender_wallet_id,\r\n        ptje1_0.status \r\n    from\r\n        pix_transfers ptje1_0 \r\n    where\r\n        ptje1_0.id=?","logger":"org.hibernate.SQL","thread":"http-nio-auto-1-exec-6","level":"DEBUG","level_value":10000}
{"timestamp":"2026-01-11T15:21:18.8909623-03:00","@version":"1","message":"\r\n    insert \r\n    into\r\n        ledger_entries\r\n        (amount, created_at, description, entry_type, wallet_id, id) \r\n    values\r\n        (?, ?, ?, ?, ?, ?)","logger":"org.hibernate.SQL","thread":"http-nio-auto-1-exec-6","level":"DEBUG","level_value":10000}
{"timestamp":"2026-01-11T15:21:18.8952763-03:00","@version":"1","message":"\r\n    insert \r\n    into\r\n        pix_transfers\r\n        (amount, created_at, end_to_end_id, idempotency_key, receiver_key_type, receiver_key_value, sender_wallet_id, status, id) \r\n    values\r\n        (?, ?, ?, ?, ?, ?, ?, ?, ?)","logger":"org.hibernate.SQL","thread":"http-nio-auto-1-exec-6","level":"DEBUG","level_value":10000}
{"timestamp":"2026-01-11T15:21:18.9013182-03:00","@version":"1","message":"\r\n    insert \r\n    into\r\n        idempotency\r\n        (created_at, idempotency_key, scope) \r\n    values\r\n        (?, ?, ?)","logger":"org.hibernate.SQL","thread":"http-nio-auto-1-exec-6","level":"DEBUG","level_value":10000}
{"timestamp":"2026-01-11T15:21:18.9249975-03:00","@version":"1","message":"\r\n    update\r\n        wallets \r\n    set\r\n        balance=?,\r\n        version=? \r\n    where\r\n        id=? \r\n        and version=?","logger":"org.hibernate.SQL","thread":"http-nio-auto-1-exec-6","level":"DEBUG","level_value":10000}
{"timestamp":"2026-01-11T15:21:18.9601707-03:00","@version":"1","message":"\r\n    select\r\n        ije1_0.id,\r\n        ije1_0.created_at,\r\n        ije1_0.idempotency_key,\r\n        ije1_0.scope \r\n    from\r\n        idempotency ije1_0 \r\n    where\r\n        ije1_0.scope=? \r\n        and ije1_0.idempotency_key=?","logger":"org.hibernate.SQL","thread":"http-nio-auto-1-exec-7","level":"DEBUG","level_value":10000}
{"timestamp":"2026-01-11T15:21:18.9668975-03:00","@version":"1","message":"\r\n    select\r\n        ptje1_0.id,\r\n        ptje1_0.amount,\r\n        ptje1_0.created_at,\r\n        ptje1_0.end_to_end_id,\r\n        ptje1_0.idempotency_key,\r\n        ptje1_0.receiver_key_type,\r\n        ptje1_0.receiver_key_value,\r\n        ptje1_0.sender_wallet_id,\r\n        ptje1_0.status \r\n    from\r\n        pix_transfers ptje1_0 \r\n    where\r\n        ptje1_0.end_to_end_id=?","logger":"org.hibernate.SQL","thread":"http-nio-auto-1-exec-7","level":"DEBUG","level_value":10000}
{"timestamp":"2026-01-11T15:21:18.9734706-03:00","@version":"1","message":"\r\n    select\r\n        wje1_0.id,\r\n        wje1_0.balance,\r\n        wje1_0.version \r\n    from\r\n        wallets wje1_0 \r\n    where\r\n        wje1_0.id=?","logger":"org.hibernate.SQL","thread":"http-nio-auto-1-exec-7","level":"DEBUG","level_value":10000}
{"timestamp":"2026-01-11T15:21:18.9784321-03:00","@version":"1","message":"\r\n    select\r\n        lje1_0.id,\r\n        lje1_0.amount,\r\n        lje1_0.created_at,\r\n        lje1_0.description,\r\n        lje1_0.entry_type,\r\n        lje1_0.wallet_id \r\n    from\r\n        ledger_entries lje1_0 \r\n    where\r\n        lje1_0.id=?","logger":"org.hibernate.SQL","thread":"http-nio-auto-1-exec-7","level":"DEBUG","level_value":10000}
{"timestamp":"2026-01-11T15:21:18.9830015-03:00","@version":"1","message":"\r\n    insert \r\n    into\r\n        ledger_entries\r\n        (amount, created_at, description, entry_type, wallet_id, id) \r\n    values\r\n        (?, ?, ?, ?, ?, ?)","logger":"org.hibernate.SQL","thread":"http-nio-auto-1-exec-7","level":"DEBUG","level_value":10000}
{"timestamp":"2026-01-11T15:21:18.9863113-03:00","@version":"1","message":"\r\n    insert \r\n    into\r\n        idempotency\r\n        (created_at, idempotency_key, scope) \r\n    values\r\n        (?, ?, ?)","logger":"org.hibernate.SQL","thread":"http-nio-auto-1-exec-7","level":"DEBUG","level_value":10000}
{"timestamp":"2026-01-11T15:21:18.990118-03:00","@version":"1","message":"\r\n    update\r\n        pix_transfers \r\n    set\r\n        amount=?,\r\n        created_at=?,\r\n        end_to_end_id=?,\r\n        idempotency_key=?,\r\n        receiver_key_type=?,\r\n        receiver_key_value=?,\r\n        sender_wallet_id=?,\r\n        status=? \r\n    where\r\n        id=?","logger":"org.hibernate.SQL","thread":"http-nio-auto-1-exec-7","level":"DEBUG","level_value":10000}
{"timestamp":"2026-01-11T15:21:18.9933831-03:00","@version":"1","message":"\r\n    update\r\n        wallets \r\n    set\r\n        balance=?,\r\n        version=? \r\n    where\r\n        id=? \r\n        and version=?","logger":"org.hibernate.SQL","thread":"http-nio-auto-1-exec-7","level":"DEBUG","level_value":10000}
{"timestamp":"2026-01-11T15:21:19.012345-03:00","@version":"1","message":"\r\n    select\r\n        wje1_0.id,\r\n        wje1_0.balance,\r\n        wje1_0.version \r\n    from\r\n        wallets wje1_0 \r\n    where\r\n        wje1_0.id=?","logger":"org.hibernate.SQL","thread":"http-nio-auto-1-exec-8","level":"DEBUG","level_value":10000}
]]></system-out>
  </testcase>
  <testcase name="shouldExecuteFullPixFlowSuccessfully" classname="br.com.walletpix.presentation.controller.PixTransferIntegrationTest" time="0.249">
    <system-out><![CDATA[{"timestamp":"2026-01-11T15:21:19.0751176-03:00","@version":"1","message":"\r\n    select\r\n        wje1_0.id,\r\n        wje1_0.balance,\r\n        wje1_0.version \r\n    from\r\n        wallets wje1_0 \r\n    where\r\n        wje1_0.id=?","logger":"org.hibernate.SQL","thread":"http-nio-auto-1-exec-9","level":"DEBUG","level_value":10000}
{"timestamp":"2026-01-11T15:21:19.0791148-03:00","@version":"1","message":"\r\n    insert \r\n    into\r\n        wallets\r\n        (balance, version, id) \r\n    values\r\n        (?, ?, ?)","logger":"org.hibernate.SQL","thread":"http-nio-auto-1-exec-9","level":"DEBUG","level_value":10000}
{"timestamp":"2026-01-11T15:21:19.1066963-03:00","@version":"1","message":"\r\n    select\r\n        wje1_0.id,\r\n        wje1_0.balance,\r\n        wje1_0.version \r\n    from\r\n        wallets wje1_0 \r\n    where\r\n        wje1_0.id=?","logger":"org.hibernate.SQL","thread":"http-nio-auto-1-exec-10","level":"DEBUG","level_value":10000}
{"timestamp":"2026-01-11T15:21:19.1118182-03:00","@version":"1","message":"\r\n    select\r\n        lje1_0.id,\r\n        lje1_0.amount,\r\n        lje1_0.created_at,\r\n        lje1_0.description,\r\n        lje1_0.entry_type,\r\n        lje1_0.wallet_id \r\n    from\r\n        ledger_entries lje1_0 \r\n    where\r\n        lje1_0.id=?","logger":"org.hibernate.SQL","thread":"http-nio-auto-1-exec-10","level":"DEBUG","level_value":10000}
{"timestamp":"2026-01-11T15:21:19.115697-03:00","@version":"1","message":"\r\n    insert \r\n    into\r\n        ledger_entries\r\n        (amount, created_at, description, entry_type, wallet_id, id) \r\n    values\r\n        (?, ?, ?, ?, ?, ?)","logger":"org.hibernate.SQL","thread":"http-nio-auto-1-exec-10","level":"DEBUG","level_value":10000}
{"timestamp":"2026-01-11T15:21:19.1201408-03:00","@version":"1","message":"\r\n    update\r\n        wallets \r\n    set\r\n        balance=?,\r\n        version=? \r\n    where\r\n        id=? \r\n        and version=?","logger":"org.hibernate.SQL","thread":"http-nio-auto-1-exec-10","level":"DEBUG","level_value":10000}
{"timestamp":"2026-01-11T15:21:19.139495-03:00","@version":"1","message":"\r\n    select\r\n        ije1_0.id,\r\n        ije1_0.created_at,\r\n        ije1_0.idempotency_key,\r\n        ije1_0.scope \r\n    from\r\n        idempotency ije1_0 \r\n    where\r\n        ije1_0.scope=? \r\n        and ije1_0.idempotency_key=?","logger":"org.hibernate.SQL","thread":"http-nio-auto-1-exec-1","level":"DEBUG","level_value":10000}
{"timestamp":"2026-01-11T15:21:19.146382-03:00","@version":"1","message":"\r\n    select\r\n        wje1_0.id,\r\n        wje1_0.balance,\r\n        wje1_0.version \r\n    from\r\n        wallets wje1_0 \r\n    where\r\n        wje1_0.id=?","logger":"org.hibernate.SQL","thread":"http-nio-auto-1-exec-1","level":"DEBUG","level_value":10000}
{"timestamp":"2026-01-11T15:21:19.1677762-03:00","@version":"1","message":"\r\n    select\r\n        lje1_0.id,\r\n        lje1_0.amount,\r\n        lje1_0.created_at,\r\n        lje1_0.description,\r\n        lje1_0.entry_type,\r\n        lje1_0.wallet_id \r\n    from\r\n        ledger_entries lje1_0 \r\n    where\r\n        lje1_0.id=?","logger":"org.hibernate.SQL","thread":"http-nio-auto-1-exec-1","level":"DEBUG","level_value":10000}
{"timestamp":"2026-01-11T15:21:19.1790687-03:00","@version":"1","message":"\r\n    select\r\n        ptje1_0.id,\r\n        ptje1_0.amount,\r\n        ptje1_0.created_at,\r\n        ptje1_0.end_to_end_id,\r\n        ptje1_0.idempotency_key,\r\n        ptje1_0.receiver_key_type,\r\n        ptje1_0.receiver_key_value,\r\n        ptje1_0.sender_wallet_id,\r\n        ptje1_0.status \r\n    from\r\n        pix_transfers ptje1_0 \r\n    where\r\n        ptje1_0.id=?","logger":"org.hibernate.SQL","thread":"http-nio-auto-1-exec-1","level":"DEBUG","level_value":10000}
{"timestamp":"2026-01-11T15:21:19.186073-03:00","@version":"1","message":"\r\n    insert \r\n    into\r\n        ledger_entries\r\n        (amount, created_at, description, entry_type, wallet_id, id) \r\n    values\r\n        (?, ?, ?, ?, ?, ?)","logger":"org.hibernate.SQL","thread":"http-nio-auto-1-exec-1","level":"DEBUG","level_value":10000}
{"timestamp":"2026-01-11T15:21:19.1900572-03:00","@version":"1","message":"\r\n    insert \r\n    into\r\n        pix_transfers\r\n        (amount, created_at, end_to_end_id, idempotency_key, receiver_key_type, receiver_key_value, sender_wallet_id, status, id) \r\n    values\r\n        (?, ?, ?, ?, ?, ?, ?, ?, ?)","logger":"org.hibernate.SQL","thread":"http-nio-auto-1-exec-1","level":"DEBUG","level_value":10000}
{"timestamp":"2026-01-11T15:21:19.1945847-03:00","@version":"1","message":"\r\n    insert \r\n    into\r\n        idempotency\r\n        (created_at, idempotency_key, scope) \r\n    values\r\n        (?, ?, ?)","logger":"org.hibernate.SQL","thread":"http-nio-auto-1-exec-1","level":"DEBUG","level_value":10000}
{"timestamp":"2026-01-11T15:21:19.1997735-03:00","@version":"1","message":"\r\n    update\r\n        wallets \r\n    set\r\n        balance=?,\r\n        version=? \r\n    where\r\n        id=? \r\n        and version=?","logger":"org.hibernate.SQL","thread":"http-nio-auto-1-exec-1","level":"DEBUG","level_value":10000}
{"timestamp":"2026-01-11T15:21:19.216446-03:00","@version":"1","message":"\r\n    select\r\n        wje1_0.id,\r\n        wje1_0.balance,\r\n        wje1_0.version \r\n    from\r\n        wallets wje1_0 \r\n    where\r\n        wje1_0.id=?","logger":"org.hibernate.SQL","thread":"http-nio-auto-1-exec-2","level":"DEBUG","level_value":10000}
{"timestamp":"2026-01-11T15:21:19.2486129-03:00","@version":"1","message":"\r\n    select\r\n        ije1_0.id,\r\n        ije1_0.created_at,\r\n        ije1_0.idempotency_key,\r\n        ije1_0.scope \r\n    from\r\n        idempotency ije1_0 \r\n    where\r\n        ije1_0.scope=? \r\n        and ije1_0.idempotency_key=?","logger":"org.hibernate.SQL","thread":"http-nio-auto-1-exec-3","level":"DEBUG","level_value":10000}
{"timestamp":"2026-01-11T15:21:19.2547269-03:00","@version":"1","message":"\r\n    select\r\n        ptje1_0.id,\r\n        ptje1_0.amount,\r\n        ptje1_0.created_at,\r\n        ptje1_0.end_to_end_id,\r\n        ptje1_0.idempotency_key,\r\n        ptje1_0.receiver_key_type,\r\n        ptje1_0.receiver_key_value,\r\n        ptje1_0.sender_wallet_id,\r\n        ptje1_0.status \r\n    from\r\n        pix_transfers ptje1_0 \r\n    where\r\n        ptje1_0.end_to_end_id=?","logger":"org.hibernate.SQL","thread":"http-nio-auto-1-exec-3","level":"DEBUG","level_value":10000}
{"timestamp":"2026-01-11T15:21:19.2597763-03:00","@version":"1","message":"\r\n    insert \r\n    into\r\n        idempotency\r\n        (created_at, idempotency_key, scope) \r\n    values\r\n        (?, ?, ?)","logger":"org.hibernate.SQL","thread":"http-nio-auto-1-exec-3","level":"DEBUG","level_value":10000}
{"timestamp":"2026-01-11T15:21:19.2636135-03:00","@version":"1","message":"\r\n    update\r\n        pix_transfers \r\n    set\r\n        amount=?,\r\n        created_at=?,\r\n        end_to_end_id=?,\r\n        idempotency_key=?,\r\n        receiver_key_type=?,\r\n        receiver_key_value=?,\r\n        sender_wallet_id=?,\r\n        status=? \r\n    where\r\n        id=?","logger":"org.hibernate.SQL","thread":"http-nio-auto-1-exec-3","level":"DEBUG","level_value":10000}
{"timestamp":"2026-01-11T15:21:19.2741932-03:00","@version":"1","message":"\r\n    select\r\n        wje1_0.id,\r\n        wje1_0.balance,\r\n        wje1_0.version \r\n    from\r\n        wallets wje1_0 \r\n    where\r\n        wje1_0.id=?","logger":"org.hibernate.SQL","thread":"http-nio-auto-1-exec-4","level":"DEBUG","level_value":10000}
]]></system-out>
  </testcase>
  <testcase name="shouldPreventDuplicateTransfersWithSameIdempotencyKey" classname="br.com.walletpix.presentation.controller.PixTransferIntegrationTest" time="0.177">
    <system-out><![CDATA[{"timestamp":"2026-01-11T15:21:19.3374124-03:00","@version":"1","message":"\r\n    select\r\n        wje1_0.id,\r\n        wje1_0.balance,\r\n        wje1_0.version \r\n    from\r\n        wallets wje1_0 \r\n    where\r\n        wje1_0.id=?","logger":"org.hibernate.SQL","thread":"http-nio-auto-1-exec-5","level":"DEBUG","level_value":10000}
{"timestamp":"2026-01-11T15:21:19.341239-03:00","@version":"1","message":"\r\n    insert \r\n    into\r\n        wallets\r\n        (balance, version, id) \r\n    values\r\n        (?, ?, ?)","logger":"org.hibernate.SQL","thread":"http-nio-auto-1-exec-5","level":"DEBUG","level_value":10000}
{"timestamp":"2026-01-11T15:21:19.3691502-03:00","@version":"1","message":"\r\n    select\r\n        wje1_0.id,\r\n        wje1_0.balance,\r\n        wje1_0.version \r\n    from\r\n        wallets wje1_0 \r\n    where\r\n        wje1_0.id=?","logger":"org.hibernate.SQL","thread":"http-nio-auto-1-exec-6","level":"DEBUG","level_value":10000}
{"timestamp":"2026-01-11T15:21:19.3733884-03:00","@version":"1","message":"\r\n    select\r\n        lje1_0.id,\r\n        lje1_0.amount,\r\n        lje1_0.created_at,\r\n        lje1_0.description,\r\n        lje1_0.entry_type,\r\n        lje1_0.wallet_id \r\n    from\r\n        ledger_entries lje1_0 \r\n    where\r\n        lje1_0.id=?","logger":"org.hibernate.SQL","thread":"http-nio-auto-1-exec-6","level":"DEBUG","level_value":10000}
{"timestamp":"2026-01-11T15:21:19.3775847-03:00","@version":"1","message":"\r\n    insert \r\n    into\r\n        ledger_entries\r\n        (amount, created_at, description, entry_type, wallet_id, id) \r\n    values\r\n        (?, ?, ?, ?, ?, ?)","logger":"org.hibernate.SQL","thread":"http-nio-auto-1-exec-6","level":"DEBUG","level_value":10000}
{"timestamp":"2026-01-11T15:21:19.3815799-03:00","@version":"1","message":"\r\n    update\r\n        wallets \r\n    set\r\n        balance=?,\r\n        version=? \r\n    where\r\n        id=? \r\n        and version=?","logger":"org.hibernate.SQL","thread":"http-nio-auto-1-exec-6","level":"DEBUG","level_value":10000}
{"timestamp":"2026-01-11T15:21:19.4015788-03:00","@version":"1","message":"\r\n    select\r\n        ije1_0.id,\r\n        ije1_0.created_at,\r\n        ije1_0.idempotency_key,\r\n        ije1_0.scope \r\n    from\r\n        idempotency ije1_0 \r\n    where\r\n        ije1_0.scope=? \r\n        and ije1_0.idempotency_key=?","logger":"org.hibernate.SQL","thread":"http-nio-auto-1-exec-7","level":"DEBUG","level_value":10000}
{"timestamp":"2026-01-11T15:21:19.4060422-03:00","@version":"1","message":"\r\n    select\r\n        wje1_0.id,\r\n        wje1_0.balance,\r\n        wje1_0.version \r\n    from\r\n        wallets wje1_0 \r\n    where\r\n        wje1_0.id=?","logger":"org.hibernate.SQL","thread":"http-nio-auto-1-exec-7","level":"DEBUG","level_value":10000}
{"timestamp":"2026-01-11T15:21:19.4110479-03:00","@version":"1","message":"\r\n    select\r\n        lje1_0.id,\r\n        lje1_0.amount,\r\n        lje1_0.created_at,\r\n        lje1_0.description,\r\n        lje1_0.entry_type,\r\n        lje1_0.wallet_id \r\n    from\r\n        ledger_entries lje1_0 \r\n    where\r\n        lje1_0.id=?","logger":"org.hibernate.SQL","thread":"http-nio-auto-1-exec-7","level":"DEBUG","level_value":10000}
{"timestamp":"2026-01-11T15:21:19.4145293-03:00","@version":"1","message":"\r\n    select\r\n        ptje1_0.id,\r\n        ptje1_0.amount,\r\n        ptje1_0.created_at,\r\n        ptje1_0.end_to_end_id,\r\n        ptje1_0.idempotency_key,\r\n        ptje1_0.receiver_key_type,\r\n        ptje1_0.receiver_key_value,\r\n        ptje1_0.sender_wallet_id,\r\n        ptje1_0.status \r\n    from\r\n        pix_transfers ptje1_0 \r\n    where\r\n        ptje1_0.id=?","logger":"org.hibernate.SQL","thread":"http-nio-auto-1-exec-7","level":"DEBUG","level_value":10000}
{"timestamp":"2026-01-11T15:21:19.418292-03:00","@version":"1","message":"\r\n    insert \r\n    into\r\n        ledger_entries\r\n        (amount, created_at, description, entry_type, wallet_id, id) \r\n    values\r\n        (?, ?, ?, ?, ?, ?)","logger":"org.hibernate.SQL","thread":"http-nio-auto-1-exec-7","level":"DEBUG","level_value":10000}
{"timestamp":"2026-01-11T15:21:19.421609-03:00","@version":"1","message":"\r\n    insert \r\n    into\r\n        pix_transfers\r\n        (amount, created_at, end_to_end_id, idempotency_key, receiver_key_type, receiver_key_value, sender_wallet_id, status, id) \r\n    values\r\n        (?, ?, ?, ?, ?, ?, ?, ?, ?)","logger":"org.hibernate.SQL","thread":"http-nio-auto-1-exec-7","level":"DEBUG","level_value":10000}
{"timestamp":"2026-01-11T15:21:19.4248923-03:00","@version":"1","message":"\r\n    insert \r\n    into\r\n        idempotency\r\n        (created_at, idempotency_key, scope) \r\n    values\r\n        (?, ?, ?)","logger":"org.hibernate.SQL","thread":"http-nio-auto-1-exec-7","level":"DEBUG","level_value":10000}
{"timestamp":"2026-01-11T15:21:19.4298131-03:00","@version":"1","message":"\r\n    update\r\n        wallets \r\n    set\r\n        balance=?,\r\n        version=? \r\n    where\r\n        id=? \r\n        and version=?","logger":"org.hibernate.SQL","thread":"http-nio-auto-1-exec-7","level":"DEBUG","level_value":10000}
{"timestamp":"2026-01-11T15:21:19.4498172-03:00","@version":"1","message":"\r\n    select\r\n        ije1_0.id,\r\n        ije1_0.created_at,\r\n        ije1_0.idempotency_key,\r\n        ije1_0.scope \r\n    from\r\n        idempotency ije1_0 \r\n    where\r\n        ije1_0.scope=? \r\n        and ije1_0.idempotency_key=?","logger":"org.hibernate.SQL","thread":"http-nio-auto-1-exec-8","level":"DEBUG","level_value":10000}
]]></system-out>
  </testcase>
</testsuite>