<?xml version="1.0" encoding="UTF-8"?>
<testsuite xmlns:xsi="http://www.w3.org/2001/XMLSchema-instance" xsi:noNamespaceSchemaLocation="https://maven.apache.org/surefire/maven-surefire-plugin/xsd/surefire-test-report-3.0.xsd" version="3.0" name="br.com.walletpix.presentation.controller.WalletControllerBalanceIntegrationTest" time="29.689" tests="3" errors="0" skipped="0" failures="0">
  <properties>
[...]
</properties>
  <testcase name="shouldReturnNotFoundWhenQueryingBalanceOfNonExistentWallet" classname="br.com.walletpix.presentation.controller.WalletControllerBalanceIntegrationTest" time="2.5">
    <system-out><![CDATA[15:06:21.851 [main] INFO org.springframework.test.context.support.AnnotationConfigContextLoaderUtils -- Could not detect default configuration classes for test class [br.com.walletpix.presentation.controller.WalletControllerBalanceIntegrationTest]: WalletControllerBalanceIntegrationTest does not declare any static, non-private, non-final, nested classes annotated with @Configuration.
15:06:22.269 [main] INFO org.springframework.boot.test.context.SpringBootTestContextBootstrapper -- Found @SpringBootConfiguration br.com.walletpix.WalletPixServiceApplication for test class br.com.walletpix.presentation.controller.WalletControllerBalanceIntegrationTest
15:06:22.529 [main] INFO org.testcontainers.images.PullPolicy -- Image pull policy will be performed by: DefaultPullPolicy()
15:06:22.533 [main] INFO org.testcontainers.utility.ImageNameSubstitutor -- Image name substitution will be performed by: DefaultImageNameSubstitutor (composite of 'ConfigurationFileImageNameSubstitutor' and 'PrefixingImageNameSubstitutor')
15:06:22.969 [main] INFO org.testcontainers.dockerclient.DockerClientProviderStrategy -- Loaded org.testcontainers.dockerclient.NpipeSocketClientProviderStrategy from ~/.testcontainers.properties, will try it first
15:06:23.438 [main] INFO org.testcontainers.dockerclient.DockerClientProviderStrategy -- Found Docker environment with local Npipe socket (npipe:////./pipe/docker_engine)
15:06:23.440 [main] INFO org.testcontainers.DockerClientFactory -- Docker host IP address is localhost
15:06:23.476 [main] INFO org.testcontainers.DockerClientFactory -- Connected to docker: 
  Server Version: 20.10.17
  API Version: 1.41
  Operating System: Docker Desktop
  Total Memory: 12690 MB
15:06:23.524 [main] INFO tc.testcontainers/ryuk:0.5.1 -- Creating container for image: testcontainers/ryuk:0.5.1
15:06:25.107 [main] INFO org.testcontainers.utility.RegistryAuthLocator -- Credential helper/store (docker-credential-desktop) does not have credentials for https://index.docker.io/v1/
15:06:25.378 [main] INFO tc.testcontainers/ryuk:0.5.1 -- Container testcontainers/ryuk:0.5.1 is starting: 3dd35e9340c2a8167c4c2fa6a4cfe85dc8b32ba31afdccb2252bf48138153990
15:06:27.310 [main] INFO tc.testcontainers/ryuk:0.5.1 -- Container testcontainers/ryuk:0.5.1 started in PT3.7852308S
15:06:27.339 [main] INFO org.testcontainers.utility.RyukResourceReaper -- Ryuk started - will monitor and terminate Testcontainers containers on JVM exit
15:06:27.340 [main] INFO org.testcontainers.DockerClientFactory -- Checking the system...
15:06:27.341 [main] INFO org.testcontainers.DockerClientFactory -- ?? Docker server version should be at least 1.6.0
15:06:27.343 [main] INFO tc.postgres:15-alpine -- Creating container for image: postgres:15-alpine
15:06:27.577 [main] INFO tc.postgres:15-alpine -- Container postgres:15-alpine is starting: c291f203bbce2ac27ee910c8b556f1144db1f26dc17465b806279def090b8b1b
15:06:30.123 [main] INFO tc.postgres:15-alpine -- Container postgres:15-alpine started in PT2.7791073S
15:06:30.124 [main] INFO tc.postgres:15-alpine -- Container is started (JDBC URL: jdbc:postgresql://localhost:50965/walletpix?loggerLevel=OFF)

  .   ____          _            __ _ _
 /\\ / ___'_ __ _ _(_)_ __  __ _ \ \ \ \
( ( )\___ | '_ | '_| | '_ \/ _` | \ \ \ \
 \\/  ___)| |_)| | | | | || (_| |  ) ) ) )
  '  |____| .__|_| |_|_| |_\__, | / / / /
 =========|_|==============|___/=/_/_/_/
 :: Spring Boot ::                (v3.2.2)

{"timestamp":"2026-01-11T15:06:31.084707-03:00","@version":"1","message":"Starting WalletControllerBalanceIntegrationTest using Java 17.0.17 with PID 1236 (started by Gabriel in C:\\Users\\Gabriel\\Desktop\\Codes\\wallet-pix-service)","logger":"br.com.walletpix.presentation.controller.WalletControllerBalanceIntegrationTest","thread":"main","level":"INFO","level_value":20000}
{"timestamp":"2026-01-11T15:06:31.1023536-03:00","@version":"1","message":"Running with Spring Boot v3.2.2, Spring v6.1.3","logger":"br.com.walletpix.presentation.controller.WalletControllerBalanceIntegrationTest","thread":"main","level":"DEBUG","level_value":10000}
{"timestamp":"2026-01-11T15:06:31.1033548-03:00","@version":"1","message":"The following 1 profile is active: \"test\"","logger":"br.com.walletpix.presentation.controller.WalletControllerBalanceIntegrationTest","thread":"main","level":"INFO","level_value":20000}
{"timestamp":"2026-01-11T15:06:35.150725-03:00","@version":"1","message":"Bootstrapping Spring Data JPA repositories in DEFAULT mode.","logger":"org.springframework.data.repository.config.RepositoryConfigurationDelegate","thread":"main","level":"INFO","level_value":20000}
{"timestamp":"2026-01-11T15:06:35.2943003-03:00","@version":"1","message":"Finished Spring Data repository scanning in 127 ms. Found 5 JPA repository interfaces.","logger":"org.springframework.data.repository.config.RepositoryConfigurationDelegate","thread":"main","level":"INFO","level_value":20000}
{"timestamp":"2026-01-11T15:06:36.7292796-03:00","@version":"1","message":"Tomcat initialized with port 0 (http)","logger":"org.springframework.boot.web.embedded.tomcat.TomcatWebServer","thread":"main","level":"INFO","level_value":20000}
{"timestamp":"2026-01-11T15:06:36.7522781-03:00","@version":"1","message":"Starting service [Tomcat]","logger":"org.apache.catalina.core.StandardService","thread":"main","level":"INFO","level_value":20000}
{"timestamp":"2026-01-11T15:06:36.7522781-03:00","@version":"1","message":"Starting Servlet engine: [Apache Tomcat/10.1.18]","logger":"org.apache.catalina.core.StandardEngine","thread":"main","level":"INFO","level_value":20000}
{"timestamp":"2026-01-11T15:06:36.8965318-03:00","@version":"1","message":"Initializing Spring embedded WebApplicationContext","logger":"org.apache.catalina.core.ContainerBase.[Tomcat].[localhost].[/]","thread":"main","level":"INFO","level_value":20000}
{"timestamp":"2026-01-11T15:06:36.8991406-03:00","@version":"1","message":"Root WebApplicationContext: initialization completed in 5750 ms","logger":"org.springframework.boot.web.servlet.context.ServletWebServerApplicationContext","thread":"main","level":"INFO","level_value":20000}
{"timestamp":"2026-01-11T15:06:37.7411634-03:00","@version":"1","message":"HikariPool-1 - Starting...","logger":"com.zaxxer.hikari.HikariDataSource","thread":"main","level":"INFO","level_value":20000}
{"timestamp":"2026-01-11T15:06:38.0626728-03:00","@version":"1","message":"HikariPool-1 - Added connection org.postgresql.jdbc.PgConnection@7e615c6a","logger":"com.zaxxer.hikari.pool.HikariPool","thread":"main","level":"INFO","level_value":20000}
{"timestamp":"2026-01-11T15:06:38.0656675-03:00","@version":"1","message":"HikariPool-1 - Start completed.","logger":"com.zaxxer.hikari.HikariDataSource","thread":"main","level":"INFO","level_value":20000}
{"timestamp":"2026-01-11T15:06:38.2478051-03:00","@version":"1","message":"Flyway Community Edition 9.22.3 by Redgate","logger":"org.flywaydb.core.internal.license.VersionPrinter","thread":"main","level":"INFO","level_value":20000}
{"timestamp":"2026-01-11T15:06:38.2478051-03:00","@version":"1","message":"See release notes here: https://rd.gt/416ObMi","logger":"org.flywaydb.core.internal.license.VersionPrinter","thread":"main","level":"INFO","level_value":20000}
{"timestamp":"2026-01-11T15:06:38.2489172-03:00","@version":"1","message":"","logger":"org.flywaydb.core.internal.license.VersionPrinter","thread":"main","level":"INFO","level_value":20000}
{"timestamp":"2026-01-11T15:06:38.2881667-03:00","@version":"1","message":"Database: jdbc:postgresql://localhost:50965/walletpix (PostgreSQL 15.15)","logger":"org.flywaydb.core.FlywayExecutor","thread":"main","level":"INFO","level_value":20000}
{"timestamp":"2026-01-11T15:06:38.3712831-03:00","@version":"1","message":"Schema history table \"public\".\"flyway_schema_history\" does not exist yet","logger":"org.flywaydb.core.internal.schemahistory.JdbcTableSchemaHistory","thread":"main","level":"INFO","level_value":20000}
{"timestamp":"2026-01-11T15:06:38.3805894-03:00","@version":"1","message":"Successfully validated 3 migrations (execution time 00:00.046s)","logger":"org.flywaydb.core.internal.command.DbValidate","thread":"main","level":"INFO","level_value":20000}
{"timestamp":"2026-01-11T15:06:38.4234968-03:00","@version":"1","message":"Creating Schema History table \"public\".\"flyway_schema_history\" ...","logger":"org.flywaydb.core.internal.schemahistory.JdbcTableSchemaHistory","thread":"main","level":"INFO","level_value":20000}
{"timestamp":"2026-01-11T15:06:38.5027843-03:00","@version":"1","message":"Current version of schema \"public\": << Empty Schema >>","logger":"org.flywaydb.core.internal.command.DbMigrate","thread":"main","level":"INFO","level_value":20000}
{"timestamp":"2026-01-11T15:06:38.5217832-03:00","@version":"1","message":"Migrating schema \"public\" to version \"1 - create wallet and pix key tables\"","logger":"org.flywaydb.core.internal.command.DbMigrate","thread":"main","level":"INFO","level_value":20000}
{"timestamp":"2026-01-11T15:06:38.6040784-03:00","@version":"1","message":"Migrating schema \"public\" to version \"2 - create ledger table\"","logger":"org.flywaydb.core.internal.command.DbMigrate","thread":"main","level":"INFO","level_value":20000}
{"timestamp":"2026-01-11T15:06:38.73572-03:00","@version":"1","message":"Migrating schema \"public\" to version \"3 - create pix and idempotency tables\"","logger":"org.flywaydb.core.internal.command.DbMigrate","thread":"main","level":"INFO","level_value":20000}
{"timestamp":"2026-01-11T15:06:38.8232496-03:00","@version":"1","message":"Successfully applied 3 migrations to schema \"public\", now at version v3 (execution time 00:00.114s)","logger":"org.flywaydb.core.internal.command.DbMigrate","thread":"main","level":"INFO","level_value":20000}
{"timestamp":"2026-01-11T15:06:39.0671305-03:00","@version":"1","message":"HHH000204: Processing PersistenceUnitInfo [name: default]","logger":"org.hibernate.jpa.internal.util.LogHelper","thread":"main","level":"INFO","level_value":20000}
{"timestamp":"2026-01-11T15:06:39.2226792-03:00","@version":"1","message":"HHH000412: Hibernate ORM core version 6.4.1.Final","logger":"org.hibernate.Version","thread":"main","level":"INFO","level_value":20000}
{"timestamp":"2026-01-11T15:06:39.3096035-03:00","@version":"1","message":"HHH000026: Second-level cache disabled","logger":"org.hibernate.cache.internal.RegionFactoryInitiator","thread":"main","level":"INFO","level_value":20000}
{"timestamp":"2026-01-11T15:06:39.8233112-03:00","@version":"1","message":"No LoadTimeWeaver setup: ignoring JPA class transformer","logger":"org.springframework.orm.jpa.persistenceunit.SpringPersistenceUnitInfo","thread":"main","level":"INFO","level_value":20000}
{"timestamp":"2026-01-11T15:06:39.9510893-03:00","@version":"1","message":"addDescriptor(2003, org.hibernate.type.descriptor.sql.internal.ArrayDdlTypeImpl@46059b73) replaced previous registration(org.hibernate.type.descriptor.sql.internal.ArrayDdlTypeImpl@3b446d7)","logger":"org.hibernate.type.descriptor.sql.spi.DdlTypeRegistry","thread":"main","level":"DEBUG","level_value":10000}
{"timestamp":"2026-01-11T15:06:39.9520976-03:00","@version":"1","message":"addDescriptor(6, org.hibernate.type.descriptor.sql.internal.CapacityDependentDdlType@6bb46040) replaced previous registration(org.hibernate.type.descriptor.sql.internal.DdlTypeImpl@2b71a12e)","logger":"org.hibernate.type.descriptor.sql.spi.DdlTypeRegistry","thread":"main","level":"DEBUG","level_value":10000}
{"timestamp":"2026-01-11T15:06:41.5176369-03:00","@version":"1","message":"HHH000489: No JTA platform available (set 'hibernate.transaction.jta.platform' to enable JTA platform integration)","logger":"org.hibernate.engine.transaction.jta.platform.internal.JtaPlatformInitiator","thread":"main","level":"INFO","level_value":20000}
{"timestamp":"2026-01-11T15:06:41.5913304-03:00","@version":"1","message":"Initialized JPA EntityManagerFactory for persistence unit 'default'","logger":"org.springframework.orm.jpa.LocalContainerEntityManagerFactoryBean","thread":"main","level":"INFO","level_value":20000}
{"timestamp":"2026-01-11T15:06:42.4262264-03:00","@version":"1","message":"Hibernate is in classpath; If applicable, HQL parser will be used.","logger":"org.springframework.data.jpa.repository.query.QueryEnhancerFactory","thread":"main","level":"INFO","level_value":20000}
{"timestamp":"2026-01-11T15:06:43.8858579-03:00","@version":"1","message":"spring.jpa.open-in-view is enabled by default. Therefore, database queries may be performed during view rendering. Explicitly configure spring.jpa.open-in-view to disable this warning","logger":"org.springframework.boot.autoconfigure.orm.jpa.JpaBaseConfiguration$JpaWebConfiguration","thread":"main","level":"WARN","level_value":30000}
{"timestamp":"2026-01-11T15:06:45.9623126-03:00","@version":"1","message":"Exposing 2 endpoint(s) beneath base path '/actuator'","logger":"org.springframework.boot.actuate.endpoint.web.EndpointLinksResolver","thread":"main","level":"INFO","level_value":20000}
{"timestamp":"2026-01-11T15:06:46.571318-03:00","@version":"1","message":"Tomcat started on port 50977 (http) with context path ''","logger":"org.springframework.boot.web.embedded.tomcat.TomcatWebServer","thread":"main","level":"INFO","level_value":20000}
{"timestamp":"2026-01-11T15:06:46.6783234-03:00","@version":"1","message":"Started WalletControllerBalanceIntegrationTest in 16.494 seconds (process running for 26.325)","logger":"br.com.walletpix.presentation.controller.WalletControllerBalanceIntegrationTest","thread":"main","level":"INFO","level_value":20000}
{"timestamp":"2026-01-11T15:06:49.1025431-03:00","@version":"1","message":"Initializing Spring DispatcherServlet 'dispatcherServlet'","logger":"org.apache.catalina.core.ContainerBase.[Tomcat].[localhost].[/]","thread":"http-nio-auto-1-exec-1","level":"INFO","level_value":20000}
{"timestamp":"2026-01-11T15:06:49.1035454-03:00","@version":"1","message":"Initializing Servlet 'dispatcherServlet'","logger":"org.springframework.web.servlet.DispatcherServlet","thread":"http-nio-auto-1-exec-1","level":"INFO","level_value":20000}
{"timestamp":"2026-01-11T15:06:49.1085438-03:00","@version":"1","message":"Completed initialization in 2 ms","logger":"org.springframework.web.servlet.DispatcherServlet","thread":"http-nio-auto-1-exec-1","level":"INFO","level_value":20000}
{"timestamp":"2026-01-11T15:06:49.2801085-03:00","@version":"1","message":"\r\n    select\r\n        wje1_0.id,\r\n        wje1_0.balance,\r\n        wje1_0.version \r\n    from\r\n        wallets wje1_0 \r\n    where\r\n        wje1_0.id=?","logger":"org.hibernate.SQL","thread":"http-nio-auto-1-exec-1","level":"DEBUG","level_value":10000}
]]></system-out>
  </testcase>
  <testcase name="shouldReturnErrorWhenQueryingBalanceWithFutureDate" classname="br.com.walletpix.presentation.controller.WalletControllerBalanceIntegrationTest" time="0.254">
    <system-out><![CDATA[{"timestamp":"2026-01-11T15:06:49.6731589-03:00","@version":"1","message":"\r\n    select\r\n        wje1_0.id,\r\n        wje1_0.balance,\r\n        wje1_0.version \r\n    from\r\n        wallets wje1_0 \r\n    where\r\n        wje1_0.id=?","logger":"org.hibernate.SQL","thread":"http-nio-auto-1-exec-2","level":"DEBUG","level_value":10000}
{"timestamp":"2026-01-11T15:06:49.7419682-03:00","@version":"1","message":"\r\n    insert \r\n    into\r\n        wallets\r\n        (balance, version, id) \r\n    values\r\n        (?, ?, ?)","logger":"org.hibernate.SQL","thread":"http-nio-auto-1-exec-2","level":"DEBUG","level_value":10000}
]]></system-out>
  </testcase>
  <testcase name="shouldQueryCurrentAndHistoricalBalance" classname="br.com.walletpix.presentation.controller.WalletControllerBalanceIntegrationTest" time="0.763">
    <system-out><![CDATA[{"timestamp":"2026-01-11T15:06:49.8598207-03:00","@version":"1","message":"\r\n    select\r\n        wje1_0.id,\r\n        wje1_0.balance,\r\n        wje1_0.version \r\n    from\r\n        wallets wje1_0 \r\n    where\r\n        wje1_0.id=?","logger":"org.hibernate.SQL","thread":"http-nio-auto-1-exec-4","level":"DEBUG","level_value":10000}
{"timestamp":"2026-01-11T15:06:49.8646944-03:00","@version":"1","message":"\r\n    insert \r\n    into\r\n        wallets\r\n        (balance, version, id) \r\n    values\r\n        (?, ?, ?)","logger":"org.hibernate.SQL","thread":"http-nio-auto-1-exec-4","level":"DEBUG","level_value":10000}
{"timestamp":"2026-01-11T15:06:49.881407-03:00","@version":"1","message":"\r\n    select\r\n        wje1_0.id,\r\n        wje1_0.balance,\r\n        wje1_0.version \r\n    from\r\n        wallets wje1_0 \r\n    where\r\n        wje1_0.id=?","logger":"org.hibernate.SQL","thread":"http-nio-auto-1-exec-5","level":"DEBUG","level_value":10000}
{"timestamp":"2026-01-11T15:06:50.0729308-03:00","@version":"1","message":"\r\n    select\r\n        wje1_0.id,\r\n        wje1_0.balance,\r\n        wje1_0.version \r\n    from\r\n        wallets wje1_0 \r\n    where\r\n        wje1_0.id=?","logger":"org.hibernate.SQL","thread":"http-nio-auto-1-exec-6","level":"DEBUG","level_value":10000}
{"timestamp":"2026-01-11T15:06:50.0836547-03:00","@version":"1","message":"\r\n    select\r\n        lje1_0.id,\r\n        lje1_0.amount,\r\n        lje1_0.created_at,\r\n        lje1_0.description,\r\n        lje1_0.entry_type,\r\n        lje1_0.wallet_id \r\n    from\r\n        ledger_entries lje1_0 \r\n    where\r\n        lje1_0.id=?","logger":"org.hibernate.SQL","thread":"http-nio-auto-1-exec-6","level":"DEBUG","level_value":10000}
{"timestamp":"2026-01-11T15:06:50.0910448-03:00","@version":"1","message":"\r\n    insert \r\n    into\r\n        ledger_entries\r\n        (amount, created_at, description, entry_type, wallet_id, id) \r\n    values\r\n        (?, ?, ?, ?, ?, ?)","logger":"org.hibernate.SQL","thread":"http-nio-auto-1-exec-6","level":"DEBUG","level_value":10000}
{"timestamp":"2026-01-11T15:06:50.1050414-03:00","@version":"1","message":"\r\n    update\r\n        wallets \r\n    set\r\n        balance=?,\r\n        version=? \r\n    where\r\n        id=? \r\n        and version=?","logger":"org.hibernate.SQL","thread":"http-nio-auto-1-exec-6","level":"DEBUG","level_value":10000}
{"timestamp":"2026-01-11T15:06:50.2493953-03:00","@version":"1","message":"\r\n    select\r\n        wje1_0.id,\r\n        wje1_0.balance,\r\n        wje1_0.version \r\n    from\r\n        wallets wje1_0 \r\n    where\r\n        wje1_0.id=?","logger":"org.hibernate.SQL","thread":"http-nio-auto-1-exec-7","level":"DEBUG","level_value":10000}
{"timestamp":"2026-01-11T15:06:50.2552154-03:00","@version":"1","message":"\r\n    select\r\n        lje1_0.id,\r\n        lje1_0.amount,\r\n        lje1_0.created_at,\r\n        lje1_0.description,\r\n        lje1_0.entry_type,\r\n        lje1_0.wallet_id \r\n    from\r\n        ledger_entries lje1_0 \r\n    where\r\n        lje1_0.id=?","logger":"org.hibernate.SQL","thread":"http-nio-auto-1-exec-7","level":"DEBUG","level_value":10000}
{"timestamp":"2026-01-11T15:06:50.2598361-03:00","@version":"1","message":"\r\n    insert \r\n    into\r\n        ledger_entries\r\n        (amount, created_at, description, entry_type, wallet_id, id) \r\n    values\r\n        (?, ?, ?, ?, ?, ?)","logger":"org.hibernate.SQL","thread":"http-nio-auto-1-exec-7","level":"DEBUG","level_value":10000}
{"timestamp":"2026-01-11T15:06:50.2636107-03:00","@version":"1","message":"\r\n    update\r\n        wallets \r\n    set\r\n        balance=?,\r\n        version=? \r\n    where\r\n        id=? \r\n        and version=?","logger":"org.hibernate.SQL","thread":"http-nio-auto-1-exec-7","level":"DEBUG","level_value":10000}
{"timestamp":"2026-01-11T15:06:50.4024354-03:00","@version":"1","message":"\r\n    select\r\n        wje1_0.id,\r\n        wje1_0.balance,\r\n        wje1_0.version \r\n    from\r\n        wallets wje1_0 \r\n    where\r\n        wje1_0.id=?","logger":"org.hibernate.SQL","thread":"http-nio-auto-1-exec-8","level":"DEBUG","level_value":10000}
{"timestamp":"2026-01-11T15:06:50.4077427-03:00","@version":"1","message":"\r\n    select\r\n        lje1_0.id,\r\n        lje1_0.amount,\r\n        lje1_0.created_at,\r\n        lje1_0.description,\r\n        lje1_0.entry_type,\r\n        lje1_0.wallet_id \r\n    from\r\n        ledger_entries lje1_0 \r\n    where\r\n        lje1_0.id=?","logger":"org.hibernate.SQL","thread":"http-nio-auto-1-exec-8","level":"DEBUG","level_value":10000}
{"timestamp":"2026-01-11T15:06:50.4116415-03:00","@version":"1","message":"\r\n    insert \r\n    into\r\n        ledger_entries\r\n        (amount, created_at, description, entry_type, wallet_id, id) \r\n    values\r\n        (?, ?, ?, ?, ?, ?)","logger":"org.hibernate.SQL","thread":"http-nio-auto-1-exec-8","level":"DEBUG","level_value":10000}
{"timestamp":"2026-01-11T15:06:50.4153593-03:00","@version":"1","message":"\r\n    update\r\n        wallets \r\n    set\r\n        balance=?,\r\n        version=? \r\n    where\r\n        id=? \r\n        and version=?","logger":"org.hibernate.SQL","thread":"http-nio-auto-1-exec-8","level":"DEBUG","level_value":10000}
{"timestamp":"2026-01-11T15:06:50.4270826-03:00","@version":"1","message":"\r\n    select\r\n        wje1_0.id,\r\n        wje1_0.balance,\r\n        wje1_0.version \r\n    from\r\n        wallets wje1_0 \r\n    where\r\n        wje1_0.id=?","logger":"org.hibernate.SQL","thread":"http-nio-auto-1-exec-9","level":"DEBUG","level_value":10000}
{"timestamp":"2026-01-11T15:06:50.43946-03:00","@version":"1","message":"\r\n    select\r\n        wje1_0.id,\r\n        wje1_0.balance,\r\n        wje1_0.version \r\n    from\r\n        wallets wje1_0 \r\n    where\r\n        wje1_0.id=?","logger":"org.hibernate.SQL","thread":"http-nio-auto-1-exec-10","level":"DEBUG","level_value":10000}
{"timestamp":"2026-01-11T15:06:50.535993-03:00","@version":"1","message":"\r\n    select\r\n        sum(case \r\n            when lje1_0.entry_type='CREDIT' \r\n                then lje1_0.amount \r\n            else -lje1_0.amount \r\n        end) \r\n    from\r\n        ledger_entries lje1_0 \r\n    where\r\n        lje1_0.wallet_id=? \r\n        and lje1_0.created_at<=?","logger":"org.hibernate.SQL","thread":"http-nio-auto-1-exec-10","level":"DEBUG","level_value":10000}
{"timestamp":"2026-01-11T15:06:50.5498321-03:00","@version":"1","message":"\r\n    select\r\n        wje1_0.id,\r\n        wje1_0.balance,\r\n        wje1_0.version \r\n    from\r\n        wallets wje1_0 \r\n    where\r\n        wje1_0.id=?","logger":"org.hibernate.SQL","thread":"http-nio-auto-1-exec-1","level":"DEBUG","level_value":10000}
{"timestamp":"2026-01-11T15:06:50.5601345-03:00","@version":"1","message":"\r\n    select\r\n        sum(case \r\n            when lje1_0.entry_type='CREDIT' \r\n                then lje1_0.amount \r\n            else -lje1_0.amount \r\n        end) \r\n    from\r\n        ledger_entries lje1_0 \r\n    where\r\n        lje1_0.wallet_id=? \r\n        and lje1_0.created_at<=?","logger":"org.hibernate.SQL","thread":"http-nio-auto-1-exec-1","level":"DEBUG","level_value":10000}
]]></system-out>
  </testcase>
</testsuite>