<?xml version="1.0" encoding="UTF-8"?>
<testsuite xmlns:xsi="http://www.w3.org/2001/XMLSchema-instance" xsi:noNamespaceSchemaLocation="https://maven.apache.org/surefire/maven-surefire-plugin/xsd/surefire-test-report-3.0.xsd" version="3.0" name="br.com.walletpix.presentation.controller.ConcurrencyIntegrationTest" time="29.563" tests="1" errors="0" skipped="0" failures="0">
  <properties>
[...]
</properties>
  <testcase name="shouldMaintainBalanceConsistencyUnderConcurrentDeposits" classname="br.com.walletpix.presentation.controller.ConcurrencyIntegrationTest" time="3.097">
    <system-out><![CDATA[15:31:36.191 [main] INFO org.springframework.test.context.support.AnnotationConfigContextLoaderUtils -- Could not detect default configuration classes for test class [br.com.walletpix.presentation.controller.ConcurrencyIntegrationTest]: ConcurrencyIntegrationTest does not declare any static, non-private, non-final, nested classes annotated with @Configuration.
15:31:36.561 [main] INFO org.springframework.boot.test.context.SpringBootTestContextBootstrapper -- Found @SpringBootConfiguration br.com.walletpix.WalletPixServiceApplication for test class br.com.walletpix.presentation.controller.ConcurrencyIntegrationTest
15:31:36.909 [main] INFO org.testcontainers.images.PullPolicy -- Image pull policy will be performed by: DefaultPullPolicy()
15:31:36.920 [main] INFO org.testcontainers.utility.ImageNameSubstitutor -- Image name substitution will be performed by: DefaultImageNameSubstitutor (composite of 'ConfigurationFileImageNameSubstitutor' and 'PrefixingImageNameSubstitutor')
15:31:37.480 [main] INFO org.testcontainers.dockerclient.DockerClientProviderStrategy -- Loaded org.testcontainers.dockerclient.NpipeSocketClientProviderStrategy from ~/.testcontainers.properties, will try it first
15:31:37.960 [main] INFO org.testcontainers.dockerclient.DockerClientProviderStrategy -- Found Docker environment with local Npipe socket (npipe:////./pipe/docker_engine)
15:31:37.963 [main] INFO org.testcontainers.DockerClientFactory -- Docker host IP address is localhost
15:31:37.993 [main] INFO org.testcontainers.DockerClientFactory -- Connected to docker: 
  Server Version: 20.10.17
  API Version: 1.41
  Operating System: Docker Desktop
  Total Memory: 12690 MB
15:31:38.028 [main] INFO tc.testcontainers/ryuk:0.5.1 -- Creating container for image: testcontainers/ryuk:0.5.1
15:31:38.347 [main] INFO org.testcontainers.utility.RegistryAuthLocator -- Credential helper/store (docker-credential-desktop) does not have credentials for https://index.docker.io/v1/
15:31:38.514 [main] INFO tc.testcontainers/ryuk:0.5.1 -- Container testcontainers/ryuk:0.5.1 is starting: 8c825ac84603ce4d0ef02ee3ccafbda0d09e78dbd0ee1905a2da67a23807d3e3
15:31:40.487 [main] INFO tc.testcontainers/ryuk:0.5.1 -- Container testcontainers/ryuk:0.5.1 started in PT2.4586214S
15:31:40.496 [main] INFO org.testcontainers.utility.RyukResourceReaper -- Ryuk started - will monitor and terminate Testcontainers containers on JVM exit
15:31:40.496 [main] INFO org.testcontainers.DockerClientFactory -- Checking the system...
15:31:40.498 [main] INFO org.testcontainers.DockerClientFactory -- ?? Docker server version should be at least 1.6.0
15:31:40.499 [main] INFO tc.postgres:15-alpine -- Creating container for image: postgres:15-alpine
15:31:42.382 [main] INFO tc.postgres:15-alpine -- Container postgres:15-alpine is starting: f93d7371262a782019a9988d0c005997cb2579a4aafe87bb36a05968cc082883
15:31:45.135 [main] INFO tc.postgres:15-alpine -- Container postgres:15-alpine started in PT4.6357582S
15:31:45.136 [main] INFO tc.postgres:15-alpine -- Container is started (JDBC URL: jdbc:postgresql://localhost:51462/walletpix?loggerLevel=OFF)

  .   ____          _            __ _ _
 /\\ / ___'_ __ _ _(_)_ __  __ _ \ \ \ \
( ( )\___ | '_ | '_| | '_ \/ _` | \ \ \ \
 \\/  ___)| |_)| | | | | || (_| |  ) ) ) )
  '  |____| .__|_| |_|_| |_\__, | / / / /
 =========|_|==============|___/=/_/_/_/
 :: Spring Boot ::                (v3.2.2)

{"timestamp":"2026-01-11T15:31:46.2374403-03:00","@version":"1","message":"Starting ConcurrencyIntegrationTest using Java 17.0.17 with PID 19616 (started by Gabriel in C:\\Users\\Gabriel\\Desktop\\Codes\\wallet-pix-service)","logger":"br.com.walletpix.presentation.controller.ConcurrencyIntegrationTest","thread":"main","level":"INFO","level_value":20000}
{"timestamp":"2026-01-11T15:31:46.258058-03:00","@version":"1","message":"Running with Spring Boot v3.2.2, Spring v6.1.3","logger":"br.com.walletpix.presentation.controller.ConcurrencyIntegrationTest","thread":"main","level":"DEBUG","level_value":10000}
{"timestamp":"2026-01-11T15:31:46.260058-03:00","@version":"1","message":"The following 1 profile is active: \"test\"","logger":"br.com.walletpix.presentation.controller.ConcurrencyIntegrationTest","thread":"main","level":"INFO","level_value":20000}
{"timestamp":"2026-01-11T15:31:48.3364267-03:00","@version":"1","message":"Bootstrapping Spring Data JPA repositories in DEFAULT mode.","logger":"org.springframework.data.repository.config.RepositoryConfigurationDelegate","thread":"main","level":"INFO","level_value":20000}
{"timestamp":"2026-01-11T15:31:48.5065795-03:00","@version":"1","message":"Finished Spring Data repository scanning in 151 ms. Found 5 JPA repository interfaces.","logger":"org.springframework.data.repository.config.RepositoryConfigurationDelegate","thread":"main","level":"INFO","level_value":20000}
{"timestamp":"2026-01-11T15:31:50.1239401-03:00","@version":"1","message":"Tomcat initialized with port 0 (http)","logger":"org.springframework.boot.web.embedded.tomcat.TomcatWebServer","thread":"main","level":"INFO","level_value":20000}
{"timestamp":"2026-01-11T15:31:50.1469428-03:00","@version":"1","message":"Starting service [Tomcat]","logger":"org.apache.catalina.core.StandardService","thread":"main","level":"INFO","level_value":20000}
{"timestamp":"2026-01-11T15:31:50.1480251-03:00","@version":"1","message":"Starting Servlet engine: [Apache Tomcat/10.1.18]","logger":"org.apache.catalina.core.StandardEngine","thread":"main","level":"INFO","level_value":20000}
{"timestamp":"2026-01-11T15:31:50.2908407-03:00","@version":"1","message":"Initializing Spring embedded WebApplicationContext","logger":"org.apache.catalina.core.ContainerBase.[Tomcat].[localhost].[/]","thread":"main","level":"INFO","level_value":20000}
{"timestamp":"2026-01-11T15:31:50.2928402-03:00","@version":"1","message":"Root WebApplicationContext: initialization completed in 3990 ms","logger":"org.springframework.boot.web.servlet.context.ServletWebServerApplicationContext","thread":"main","level":"INFO","level_value":20000}
{"timestamp":"2026-01-11T15:31:50.7944671-03:00","@version":"1","message":"HikariPool-1 - Starting...","logger":"com.zaxxer.hikari.HikariDataSource","thread":"main","level":"INFO","level_value":20000}
{"timestamp":"2026-01-11T15:31:51.1447853-03:00","@version":"1","message":"HikariPool-1 - Added connection org.postgresql.jdbc.PgConnection@e08d871","logger":"com.zaxxer.hikari.pool.HikariPool","thread":"main","level":"INFO","level_value":20000}
{"timestamp":"2026-01-11T15:31:51.1487875-03:00","@version":"1","message":"HikariPool-1 - Start completed.","logger":"com.zaxxer.hikari.HikariDataSource","thread":"main","level":"INFO","level_value":20000}
{"timestamp":"2026-01-11T15:31:51.5542047-03:00","@version":"1","message":"Flyway Community Edition 9.22.3 by Redgate","logger":"org.flywaydb.core.internal.license.VersionPrinter","thread":"main","level":"INFO","level_value":20000}
{"timestamp":"2026-01-11T15:31:51.5544964-03:00","@version":"1","message":"See release notes here: https://rd.gt/416ObMi","logger":"org.flywaydb.core.internal.license.VersionPrinter","thread":"main","level":"INFO","level_value":20000}
{"timestamp":"2026-01-11T15:31:51.5544964-03:00","@version":"1","message":"","logger":"org.flywaydb.core.internal.license.VersionPrinter","thread":"main","level":"INFO","level_value":20000}
{"timestamp":"2026-01-11T15:31:51.6039739-03:00","@version":"1","message":"Database: jdbc:postgresql://localhost:51462/walletpix (PostgreSQL 15.15)","logger":"org.flywaydb.core.FlywayExecutor","thread":"main","level":"INFO","level_value":20000}
{"timestamp":"2026-01-11T15:31:51.7912948-03:00","@version":"1","message":"Schema history table \"public\".\"flyway_schema_history\" does not exist yet","logger":"org.flywaydb.core.internal.schemahistory.JdbcTableSchemaHistory","thread":"main","level":"INFO","level_value":20000}
{"timestamp":"2026-01-11T15:31:51.8013748-03:00","@version":"1","message":"Successfully validated 3 migrations (execution time 00:00.054s)","logger":"org.flywaydb.core.internal.command.DbValidate","thread":"main","level":"INFO","level_value":20000}
{"timestamp":"2026-01-11T15:31:51.8582222-03:00","@version":"1","message":"Creating Schema History table \"public\".\"flyway_schema_history\" ...","logger":"org.flywaydb.core.internal.schemahistory.JdbcTableSchemaHistory","thread":"main","level":"INFO","level_value":20000}
{"timestamp":"2026-01-11T15:31:51.9962734-03:00","@version":"1","message":"Current version of schema \"public\": << Empty Schema >>","logger":"org.flywaydb.core.internal.command.DbMigrate","thread":"main","level":"INFO","level_value":20000}
{"timestamp":"2026-01-11T15:31:52.020619-03:00","@version":"1","message":"Migrating schema \"public\" to version \"1 - create wallet and pix key tables\"","logger":"org.flywaydb.core.internal.command.DbMigrate","thread":"main","level":"INFO","level_value":20000}
{"timestamp":"2026-01-11T15:31:52.1421358-03:00","@version":"1","message":"Migrating schema \"public\" to version \"2 - create ledger table\"","logger":"org.flywaydb.core.internal.command.DbMigrate","thread":"main","level":"INFO","level_value":20000}
{"timestamp":"2026-01-11T15:31:52.2374045-03:00","@version":"1","message":"Migrating schema \"public\" to version \"3 - create pix and idempotency tables\"","logger":"org.flywaydb.core.internal.command.DbMigrate","thread":"main","level":"INFO","level_value":20000}
{"timestamp":"2026-01-11T15:31:52.3095714-03:00","@version":"1","message":"Successfully applied 3 migrations to schema \"public\", now at version v3 (execution time 00:00.108s)","logger":"org.flywaydb.core.internal.command.DbMigrate","thread":"main","level":"INFO","level_value":20000}
{"timestamp":"2026-01-11T15:31:52.5071063-03:00","@version":"1","message":"HHH000204: Processing PersistenceUnitInfo [name: default]","logger":"org.hibernate.jpa.internal.util.LogHelper","thread":"main","level":"INFO","level_value":20000}
{"timestamp":"2026-01-11T15:31:52.6435935-03:00","@version":"1","message":"HHH000412: Hibernate ORM core version 6.4.1.Final","logger":"org.hibernate.Version","thread":"main","level":"INFO","level_value":20000}
{"timestamp":"2026-01-11T15:31:52.7338376-03:00","@version":"1","message":"HHH000026: Second-level cache disabled","logger":"org.hibernate.cache.internal.RegionFactoryInitiator","thread":"main","level":"INFO","level_value":20000}
{"timestamp":"2026-01-11T15:31:53.2335602-03:00","@version":"1","message":"No LoadTimeWeaver setup: ignoring JPA class transformer","logger":"org.springframework.orm.jpa.persistenceunit.SpringPersistenceUnitInfo","thread":"main","level":"INFO","level_value":20000}
{"timestamp":"2026-01-11T15:31:53.3682191-03:00","@version":"1","message":"addDescriptor(2003, org.hibernate.type.descriptor.sql.internal.ArrayDdlTypeImpl@113a89c5) replaced previous registration(org.hibernate.type.descriptor.sql.internal.ArrayDdlTypeImpl@55da6bf)","logger":"org.hibernate.type.descriptor.sql.spi.DdlTypeRegistry","thread":"main","level":"DEBUG","level_value":10000}
{"timestamp":"2026-01-11T15:31:53.3682191-03:00","@version":"1","message":"addDescriptor(6, org.hibernate.type.descriptor.sql.internal.CapacityDependentDdlType@3a0f5141) replaced previous registration(org.hibernate.type.descriptor.sql.internal.DdlTypeImpl@46059b73)","logger":"org.hibernate.type.descriptor.sql.spi.DdlTypeRegistry","thread":"main","level":"DEBUG","level_value":10000}
{"timestamp":"2026-01-11T15:31:55.1308906-03:00","@version":"1","message":"HHH000489: No JTA platform available (set 'hibernate.transaction.jta.platform' to enable JTA platform integration)","logger":"org.hibernate.engine.transaction.jta.platform.internal.JtaPlatformInitiator","thread":"main","level":"INFO","level_value":20000}
{"timestamp":"2026-01-11T15:31:55.2084209-03:00","@version":"1","message":"Initialized JPA EntityManagerFactory for persistence unit 'default'","logger":"org.springframework.orm.jpa.LocalContainerEntityManagerFactoryBean","thread":"main","level":"INFO","level_value":20000}
{"timestamp":"2026-01-11T15:31:55.8436372-03:00","@version":"1","message":"Hibernate is in classpath; If applicable, HQL parser will be used.","logger":"org.springframework.data.jpa.repository.query.QueryEnhancerFactory","thread":"main","level":"INFO","level_value":20000}
{"timestamp":"2026-01-11T15:31:59.0116163-03:00","@version":"1","message":"spring.jpa.open-in-view is enabled by default. Therefore, database queries may be performed during view rendering. Explicitly configure spring.jpa.open-in-view to disable this warning","logger":"org.springframework.boot.autoconfigure.orm.jpa.JpaBaseConfiguration$JpaWebConfiguration","thread":"main","level":"WARN","level_value":30000}
{"timestamp":"2026-01-11T15:32:01.2602027-03:00","@version":"1","message":"Exposing 2 endpoint(s) beneath base path '/actuator'","logger":"org.springframework.boot.actuate.endpoint.web.EndpointLinksResolver","thread":"main","level":"INFO","level_value":20000}
{"timestamp":"2026-01-11T15:32:01.4438825-03:00","@version":"1","message":"Tomcat started on port 51481 (http) with context path ''","logger":"org.springframework.boot.web.embedded.tomcat.TomcatWebServer","thread":"main","level":"INFO","level_value":20000}
{"timestamp":"2026-01-11T15:32:01.4757224-03:00","@version":"1","message":"Started ConcurrencyIntegrationTest in 16.282 seconds (process running for 27.04)","logger":"br.com.walletpix.presentation.controller.ConcurrencyIntegrationTest","thread":"main","level":"INFO","level_value":20000}
{"timestamp":"2026-01-11T15:32:02.6034553-03:00","@version":"1","message":"Initializing Spring DispatcherServlet 'dispatcherServlet'","logger":"org.apache.catalina.core.ContainerBase.[Tomcat].[localhost].[/]","thread":"http-nio-auto-1-exec-1","level":"INFO","level_value":20000}
{"timestamp":"2026-01-11T15:32:02.6034553-03:00","@version":"1","message":"Initializing Servlet 'dispatcherServlet'","logger":"org.springframework.web.servlet.DispatcherServlet","thread":"http-nio-auto-1-exec-1","level":"INFO","level_value":20000}
{"timestamp":"2026-01-11T15:32:02.6050612-03:00","@version":"1","message":"Completed initialization in 2 ms","logger":"org.springframework.web.servlet.DispatcherServlet","thread":"http-nio-auto-1-exec-1","level":"INFO","level_value":20000}
{"timestamp":"2026-01-11T15:32:02.7365952-03:00","@version":"1","message":"\r\n    select\r\n        wje1_0.id,\r\n        wje1_0.balance,\r\n        wje1_0.version \r\n    from\r\n        wallets wje1_0 \r\n    where\r\n        wje1_0.id=?","logger":"org.hibernate.SQL","thread":"http-nio-auto-1-exec-1","level":"DEBUG","level_value":10000}
{"timestamp":"2026-01-11T15:32:02.7993234-03:00","@version":"1","message":"\r\n    insert \r\n    into\r\n        wallets\r\n        (balance, version, id) \r\n    values\r\n        (?, ?, ?)","logger":"org.hibernate.SQL","thread":"http-nio-auto-1-exec-1","level":"DEBUG","level_value":10000}
{"timestamp":"2026-01-11T15:32:03.0868081-03:00","@version":"1","message":"\r\n    select\r\n        wje1_0.id,\r\n        wje1_0.balance,\r\n        wje1_0.version \r\n    from\r\n        wallets wje1_0 \r\n    where\r\n        wje1_0.id=?","logger":"org.hibernate.SQL","thread":"http-nio-auto-1-exec-2","level":"DEBUG","level_value":10000}
{"timestamp":"2026-01-11T15:32:03.0868081-03:00","@version":"1","message":"\r\n    select\r\n        wje1_0.id,\r\n        wje1_0.balance,\r\n        wje1_0.version \r\n    from\r\n        wallets wje1_0 \r\n    where\r\n        wje1_0.id=?","logger":"org.hibernate.SQL","thread":"http-nio-auto-1-exec-6","level":"DEBUG","level_value":10000}
{"timestamp":"2026-01-11T15:32:03.0868081-03:00","@version":"1","message":"\r\n    select\r\n        wje1_0.id,\r\n        wje1_0.balance,\r\n        wje1_0.version \r\n    from\r\n        wallets wje1_0 \r\n    where\r\n        wje1_0.id=?","logger":"org.hibernate.SQL","thread":"http-nio-auto-1-exec-5","level":"DEBUG","level_value":10000}
{"timestamp":"2026-01-11T15:32:03.0868081-03:00","@version":"1","message":"\r\n    select\r\n        wje1_0.id,\r\n        wje1_0.balance,\r\n        wje1_0.version \r\n    from\r\n        wallets wje1_0 \r\n    where\r\n        wje1_0.id=?","logger":"org.hibernate.SQL","thread":"http-nio-auto-1-exec-3","level":"DEBUG","level_value":10000}
{"timestamp":"2026-01-11T15:32:03.0878089-03:00","@version":"1","message":"\r\n    select\r\n        wje1_0.id,\r\n        wje1_0.balance,\r\n        wje1_0.version \r\n    from\r\n        wallets wje1_0 \r\n    where\r\n        wje1_0.id=?","logger":"org.hibernate.SQL","thread":"http-nio-auto-1-exec-8","level":"DEBUG","level_value":10000}
{"timestamp":"2026-01-11T15:32:03.0878089-03:00","@version":"1","message":"\r\n    select\r\n        wje1_0.id,\r\n        wje1_0.balance,\r\n        wje1_0.version \r\n    from\r\n        wallets wje1_0 \r\n    where\r\n        wje1_0.id=?","logger":"org.hibernate.SQL","thread":"http-nio-auto-1-exec-10","level":"DEBUG","level_value":10000}
{"timestamp":"2026-01-11T15:32:03.0878089-03:00","@version":"1","message":"\r\n    select\r\n        wje1_0.id,\r\n        wje1_0.balance,\r\n        wje1_0.version \r\n    from\r\n        wallets wje1_0 \r\n    where\r\n        wje1_0.id=?","logger":"org.hibernate.SQL","thread":"http-nio-auto-1-exec-7","level":"DEBUG","level_value":10000}
{"timestamp":"2026-01-11T15:32:03.0878089-03:00","@version":"1","message":"\r\n    select\r\n        wje1_0.id,\r\n        wje1_0.balance,\r\n        wje1_0.version \r\n    from\r\n        wallets wje1_0 \r\n    where\r\n        wje1_0.id=?","logger":"org.hibernate.SQL","thread":"http-nio-auto-1-exec-4","level":"DEBUG","level_value":10000}
{"timestamp":"2026-01-11T15:32:03.0888094-03:00","@version":"1","message":"\r\n    select\r\n        wje1_0.id,\r\n        wje1_0.balance,\r\n        wje1_0.version \r\n    from\r\n        wallets wje1_0 \r\n    where\r\n        wje1_0.id=?","logger":"org.hibernate.SQL","thread":"http-nio-auto-1-exec-1","level":"DEBUG","level_value":10000}
{"timestamp":"2026-01-11T15:32:03.0888094-03:00","@version":"1","message":"\r\n    select\r\n        wje1_0.id,\r\n        wje1_0.balance,\r\n        wje1_0.version \r\n    from\r\n        wallets wje1_0 \r\n    where\r\n        wje1_0.id=?","logger":"org.hibernate.SQL","thread":"http-nio-auto-1-exec-9","level":"DEBUG","level_value":10000}
{"timestamp":"2026-01-11T15:32:03.1276632-03:00","@version":"1","message":"\r\n    select\r\n        lje1_0.id,\r\n        lje1_0.amount,\r\n        lje1_0.created_at,\r\n        lje1_0.description,\r\n        lje1_0.entry_type,\r\n        lje1_0.wallet_id \r\n    from\r\n        ledger_entries lje1_0 \r\n    where\r\n        lje1_0.id=?","logger":"org.hibernate.SQL","thread":"http-nio-auto-1-exec-10","level":"DEBUG","level_value":10000}
{"timestamp":"2026-01-11T15:32:03.1286618-03:00","@version":"1","message":"\r\n    select\r\n        lje1_0.id,\r\n        lje1_0.amount,\r\n        lje1_0.created_at,\r\n        lje1_0.description,\r\n        lje1_0.entry_type,\r\n        lje1_0.wallet_id \r\n    from\r\n        ledger_entries lje1_0 \r\n    where\r\n        lje1_0.id=?","logger":"org.hibernate.SQL","thread":"http-nio-auto-1-exec-3","level":"DEBUG","level_value":10000}
{"timestamp":"2026-01-11T15:32:03.1286618-03:00","@version":"1","message":"\r\n    select\r\n        lje1_0.id,\r\n        lje1_0.amount,\r\n        lje1_0.created_at,\r\n        lje1_0.description,\r\n        lje1_0.entry_type,\r\n        lje1_0.wallet_id \r\n    from\r\n        ledger_entries lje1_0 \r\n    where\r\n        lje1_0.id=?","logger":"org.hibernate.SQL","thread":"http-nio-auto-1-exec-1","level":"DEBUG","level_value":10000}
{"timestamp":"2026-01-11T15:32:03.1276632-03:00","@version":"1","message":"\r\n    select\r\n        lje1_0.id,\r\n        lje1_0.amount,\r\n        lje1_0.created_at,\r\n        lje1_0.description,\r\n        lje1_0.entry_type,\r\n        lje1_0.wallet_id \r\n    from\r\n        ledger_entries lje1_0 \r\n    where\r\n        lje1_0.id=?","logger":"org.hibernate.SQL","thread":"http-nio-auto-1-exec-2","level":"DEBUG","level_value":10000}
{"timestamp":"2026-01-11T15:32:03.1286618-03:00","@version":"1","message":"\r\n    select\r\n        lje1_0.id,\r\n        lje1_0.amount,\r\n        lje1_0.created_at,\r\n        lje1_0.description,\r\n        lje1_0.entry_type,\r\n        lje1_0.wallet_id \r\n    from\r\n        ledger_entries lje1_0 \r\n    where\r\n        lje1_0.id=?","logger":"org.hibernate.SQL","thread":"http-nio-auto-1-exec-4","level":"DEBUG","level_value":10000}
{"timestamp":"2026-01-11T15:32:03.1286618-03:00","@version":"1","message":"\r\n    select\r\n        lje1_0.id,\r\n        lje1_0.amount,\r\n        lje1_0.created_at,\r\n        lje1_0.description,\r\n        lje1_0.entry_type,\r\n        lje1_0.wallet_id \r\n    from\r\n        ledger_entries lje1_0 \r\n    where\r\n        lje1_0.id=?","logger":"org.hibernate.SQL","thread":"http-nio-auto-1-exec-6","level":"DEBUG","level_value":10000}
{"timestamp":"2026-01-11T15:32:03.1276632-03:00","@version":"1","message":"\r\n    select\r\n        lje1_0.id,\r\n        lje1_0.amount,\r\n        lje1_0.created_at,\r\n        lje1_0.description,\r\n        lje1_0.entry_type,\r\n        lje1_0.wallet_id \r\n    from\r\n        ledger_entries lje1_0 \r\n    where\r\n        lje1_0.id=?","logger":"org.hibernate.SQL","thread":"http-nio-auto-1-exec-5","level":"DEBUG","level_value":10000}
{"timestamp":"2026-01-11T15:32:03.1296612-03:00","@version":"1","message":"\r\n    select\r\n        lje1_0.id,\r\n        lje1_0.amount,\r\n        lje1_0.created_at,\r\n        lje1_0.description,\r\n        lje1_0.entry_type,\r\n        lje1_0.wallet_id \r\n    from\r\n        ledger_entries lje1_0 \r\n    where\r\n        lje1_0.id=?","logger":"org.hibernate.SQL","thread":"http-nio-auto-1-exec-9","level":"DEBUG","level_value":10000}
{"timestamp":"2026-01-11T15:32:03.1306615-03:00","@version":"1","message":"\r\n    select\r\n        lje1_0.id,\r\n        lje1_0.amount,\r\n        lje1_0.created_at,\r\n        lje1_0.description,\r\n        lje1_0.entry_type,\r\n        lje1_0.wallet_id \r\n    from\r\n        ledger_entries lje1_0 \r\n    where\r\n        lje1_0.id=?","logger":"org.hibernate.SQL","thread":"http-nio-auto-1-exec-8","level":"DEBUG","level_value":10000}
{"timestamp":"2026-01-11T15:32:03.1306615-03:00","@version":"1","message":"\r\n    select\r\n        lje1_0.id,\r\n        lje1_0.amount,\r\n        lje1_0.created_at,\r\n        lje1_0.description,\r\n        lje1_0.entry_type,\r\n        lje1_0.wallet_id \r\n    from\r\n        ledger_entries lje1_0 \r\n    where\r\n        lje1_0.id=?","logger":"org.hibernate.SQL","thread":"http-nio-auto-1-exec-7","level":"DEBUG","level_value":10000}
{"timestamp":"2026-01-11T15:32:03.1477243-03:00","@version":"1","message":"\r\n    insert \r\n    into\r\n        ledger_entries\r\n        (amount, created_at, description, entry_type, wallet_id, id) \r\n    values\r\n        (?, ?, ?, ?, ?, ?)","logger":"org.hibernate.SQL","thread":"http-nio-auto-1-exec-7","level":"DEBUG","level_value":10000}
{"timestamp":"2026-01-11T15:32:03.1477243-03:00","@version":"1","message":"\r\n    insert \r\n    into\r\n        ledger_entries\r\n        (amount, created_at, description, entry_type, wallet_id, id) \r\n    values\r\n        (?, ?, ?, ?, ?, ?)","logger":"org.hibernate.SQL","thread":"http-nio-auto-1-exec-1","level":"DEBUG","level_value":10000}
{"timestamp":"2026-01-11T15:32:03.1507385-03:00","@version":"1","message":"\r\n    insert \r\n    into\r\n        ledger_entries\r\n        (amount, created_at, description, entry_type, wallet_id, id) \r\n    values\r\n        (?, ?, ?, ?, ?, ?)","logger":"org.hibernate.SQL","thread":"http-nio-auto-1-exec-10","level":"DEBUG","level_value":10000}
{"timestamp":"2026-01-11T15:32:03.1507385-03:00","@version":"1","message":"\r\n    insert \r\n    into\r\n        ledger_entries\r\n        (amount, created_at, description, entry_type, wallet_id, id) \r\n    values\r\n        (?, ?, ?, ?, ?, ?)","logger":"org.hibernate.SQL","thread":"http-nio-auto-1-exec-8","level":"DEBUG","level_value":10000}
{"timestamp":"2026-01-11T15:32:03.1537388-03:00","@version":"1","message":"\r\n    insert \r\n    into\r\n        ledger_entries\r\n        (amount, created_at, description, entry_type, wallet_id, id) \r\n    values\r\n        (?, ?, ?, ?, ?, ?)","logger":"org.hibernate.SQL","thread":"http-nio-auto-1-exec-2","level":"DEBUG","level_value":10000}
{"timestamp":"2026-01-11T15:32:03.1537388-03:00","@version":"1","message":"\r\n    insert \r\n    into\r\n        ledger_entries\r\n        (amount, created_at, description, entry_type, wallet_id, id) \r\n    values\r\n        (?, ?, ?, ?, ?, ?)","logger":"org.hibernate.SQL","thread":"http-nio-auto-1-exec-4","level":"DEBUG","level_value":10000}
{"timestamp":"2026-01-11T15:32:03.1557413-03:00","@version":"1","message":"\r\n    insert \r\n    into\r\n        ledger_entries\r\n        (amount, created_at, description, entry_type, wallet_id, id) \r\n    values\r\n        (?, ?, ?, ?, ?, ?)","logger":"org.hibernate.SQL","thread":"http-nio-auto-1-exec-6","level":"DEBUG","level_value":10000}
{"timestamp":"2026-01-11T15:32:03.1567391-03:00","@version":"1","message":"\r\n    insert \r\n    into\r\n        ledger_entries\r\n        (amount, created_at, description, entry_type, wallet_id, id) \r\n    values\r\n        (?, ?, ?, ?, ?, ?)","logger":"org.hibernate.SQL","thread":"http-nio-auto-1-exec-3","level":"DEBUG","level_value":10000}
{"timestamp":"2026-01-11T15:32:03.1577352-03:00","@version":"1","message":"\r\n    insert \r\n    into\r\n        ledger_entries\r\n        (amount, created_at, description, entry_type, wallet_id, id) \r\n    values\r\n        (?, ?, ?, ?, ?, ?)","logger":"org.hibernate.SQL","thread":"http-nio-auto-1-exec-9","level":"DEBUG","level_value":10000}
{"timestamp":"2026-01-11T15:32:03.1597402-03:00","@version":"1","message":"\r\n    insert \r\n    into\r\n        ledger_entries\r\n        (amount, created_at, description, entry_type, wallet_id, id) \r\n    values\r\n        (?, ?, ?, ?, ?, ?)","logger":"org.hibernate.SQL","thread":"http-nio-auto-1-exec-5","level":"DEBUG","level_value":10000}
{"timestamp":"2026-01-11T15:32:03.2035307-03:00","@version":"1","message":"\r\n    update\r\n        wallets \r\n    set\r\n        balance=?,\r\n        version=? \r\n    where\r\n        id=? \r\n        and version=?","logger":"org.hibernate.SQL","thread":"http-nio-auto-1-exec-7","level":"DEBUG","level_value":10000}
{"timestamp":"2026-01-11T15:32:03.2035307-03:00","@version":"1","message":"\r\n    update\r\n        wallets \r\n    set\r\n        balance=?,\r\n        version=? \r\n    where\r\n        id=? \r\n        and version=?","logger":"org.hibernate.SQL","thread":"http-nio-auto-1-exec-2","level":"DEBUG","level_value":10000}
{"timestamp":"2026-01-11T15:32:03.2035307-03:00","@version":"1","message":"\r\n    update\r\n        wallets \r\n    set\r\n        balance=?,\r\n        version=? \r\n    where\r\n        id=? \r\n        and version=?","logger":"org.hibernate.SQL","thread":"http-nio-auto-1-exec-10","level":"DEBUG","level_value":10000}
{"timestamp":"2026-01-11T15:32:03.2035307-03:00","@version":"1","message":"\r\n    update\r\n        wallets \r\n    set\r\n        balance=?,\r\n        version=? \r\n    where\r\n        id=? \r\n        and version=?","logger":"org.hibernate.SQL","thread":"http-nio-auto-1-exec-6","level":"DEBUG","level_value":10000}
{"timestamp":"2026-01-11T15:32:03.2035307-03:00","@version":"1","message":"\r\n    update\r\n        wallets \r\n    set\r\n        balance=?,\r\n        version=? \r\n    where\r\n        id=? \r\n        and version=?","logger":"org.hibernate.SQL","thread":"http-nio-auto-1-exec-4","level":"DEBUG","level_value":10000}
{"timestamp":"2026-01-11T15:32:03.2035307-03:00","@version":"1","message":"\r\n    update\r\n        wallets \r\n    set\r\n        balance=?,\r\n        version=? \r\n    where\r\n        id=? \r\n        and version=?","logger":"org.hibernate.SQL","thread":"http-nio-auto-1-exec-8","level":"DEBUG","level_value":10000}
{"timestamp":"2026-01-11T15:32:03.2035307-03:00","@version":"1","message":"\r\n    update\r\n        wallets \r\n    set\r\n        balance=?,\r\n        version=? \r\n    where\r\n        id=? \r\n        and version=?","logger":"org.hibernate.SQL","thread":"http-nio-auto-1-exec-1","level":"DEBUG","level_value":10000}
{"timestamp":"2026-01-11T15:32:03.2054779-03:00","@version":"1","message":"\r\n    update\r\n        wallets \r\n    set\r\n        balance=?,\r\n        version=? \r\n    where\r\n        id=? \r\n        and version=?","logger":"org.hibernate.SQL","thread":"http-nio-auto-1-exec-5","level":"DEBUG","level_value":10000}
{"timestamp":"2026-01-11T15:32:03.2062924-03:00","@version":"1","message":"\r\n    update\r\n        wallets \r\n    set\r\n        balance=?,\r\n        version=? \r\n    where\r\n        id=? \r\n        and version=?","logger":"org.hibernate.SQL","thread":"http-nio-auto-1-exec-9","level":"DEBUG","level_value":10000}
{"timestamp":"2026-01-11T15:32:03.2104732-03:00","@version":"1","message":"\r\n    update\r\n        wallets \r\n    set\r\n        balance=?,\r\n        version=? \r\n    where\r\n        id=? \r\n        and version=?","logger":"org.hibernate.SQL","thread":"http-nio-auto-1-exec-3","level":"DEBUG","level_value":10000}
{"timestamp":"2026-01-11T15:32:03.288411-03:00","@version":"1","message":"\r\n    select\r\n        wje1_0.id,\r\n        wje1_0.balance,\r\n        wje1_0.version \r\n    from\r\n        wallets wje1_0 \r\n    where\r\n        wje1_0.id=?","logger":"org.hibernate.SQL","thread":"http-nio-auto-1-exec-8","level":"DEBUG","level_value":10000}
{"timestamp":"2026-01-11T15:32:03.2900296-03:00","@version":"1","message":"\r\n    select\r\n        wje1_0.id,\r\n        wje1_0.balance,\r\n        wje1_0.version \r\n    from\r\n        wallets wje1_0 \r\n    where\r\n        wje1_0.id=?","logger":"org.hibernate.SQL","thread":"http-nio-auto-1-exec-3","level":"DEBUG","level_value":10000}
{"timestamp":"2026-01-11T15:32:03.2941529-03:00","@version":"1","message":"\r\n    select\r\n        wje1_0.id,\r\n        wje1_0.balance,\r\n        wje1_0.version \r\n    from\r\n        wallets wje1_0 \r\n    where\r\n        wje1_0.id=?","logger":"org.hibernate.SQL","thread":"http-nio-auto-1-exec-7","level":"DEBUG","level_value":10000}
{"timestamp":"2026-01-11T15:32:03.2994999-03:00","@version":"1","message":"\r\n    select\r\n        wje1_0.id,\r\n        wje1_0.balance,\r\n        wje1_0.version \r\n    from\r\n        wallets wje1_0 \r\n    where\r\n        wje1_0.id=?","logger":"org.hibernate.SQL","thread":"http-nio-auto-1-exec-5","level":"DEBUG","level_value":10000}
{"timestamp":"2026-01-11T15:32:03.3049357-03:00","@version":"1","message":"\r\n    select\r\n        wje1_0.id,\r\n        wje1_0.balance,\r\n        wje1_0.version \r\n    from\r\n        wallets wje1_0 \r\n    where\r\n        wje1_0.id=?","logger":"org.hibernate.SQL","thread":"http-nio-auto-1-exec-9","level":"DEBUG","level_value":10000}
{"timestamp":"2026-01-11T15:32:03.3124995-03:00","@version":"1","message":"\r\n    select\r\n        wje1_0.id,\r\n        wje1_0.balance,\r\n        wje1_0.version \r\n    from\r\n        wallets wje1_0 \r\n    where\r\n        wje1_0.id=?","logger":"org.hibernate.SQL","thread":"http-nio-auto-1-exec-4","level":"DEBUG","level_value":10000}
{"timestamp":"2026-01-11T15:32:03.3181855-03:00","@version":"1","message":"\r\n    select\r\n        wje1_0.id,\r\n        wje1_0.balance,\r\n        wje1_0.version \r\n    from\r\n        wallets wje1_0 \r\n    where\r\n        wje1_0.id=?","logger":"org.hibernate.SQL","thread":"http-nio-auto-1-exec-1","level":"DEBUG","level_value":10000}
{"timestamp":"2026-01-11T15:32:03.3216227-03:00","@version":"1","message":"\r\n    select\r\n        wje1_0.id,\r\n        wje1_0.balance,\r\n        wje1_0.version \r\n    from\r\n        wallets wje1_0 \r\n    where\r\n        wje1_0.id=?","logger":"org.hibernate.SQL","thread":"http-nio-auto-1-exec-2","level":"DEBUG","level_value":10000}
{"timestamp":"2026-01-11T15:32:03.3281367-03:00","@version":"1","message":"\r\n    select\r\n        wje1_0.id,\r\n        wje1_0.balance,\r\n        wje1_0.version \r\n    from\r\n        wallets wje1_0 \r\n    where\r\n        wje1_0.id=?","logger":"org.hibernate.SQL","thread":"http-nio-auto-1-exec-6","level":"DEBUG","level_value":10000}
{"timestamp":"2026-01-11T15:32:03.4277351-03:00","@version":"1","message":"\r\n    select\r\n        wje1_0.id,\r\n        wje1_0.balance,\r\n        wje1_0.version \r\n    from\r\n        wallets wje1_0 \r\n    where\r\n        wje1_0.id=?","logger":"org.hibernate.SQL","thread":"http-nio-auto-1-exec-8","level":"DEBUG","level_value":10000}
{"timestamp":"2026-01-11T15:32:03.430463-03:00","@version":"1","message":"\r\n    select\r\n        wje1_0.id,\r\n        wje1_0.balance,\r\n        wje1_0.version \r\n    from\r\n        wallets wje1_0 \r\n    where\r\n        wje1_0.id=?","logger":"org.hibernate.SQL","thread":"http-nio-auto-1-exec-5","level":"DEBUG","level_value":10000}
{"timestamp":"2026-01-11T15:32:03.4325906-03:00","@version":"1","message":"\r\n    select\r\n        lje1_0.id,\r\n        lje1_0.amount,\r\n        lje1_0.created_at,\r\n        lje1_0.description,\r\n        lje1_0.entry_type,\r\n        lje1_0.wallet_id \r\n    from\r\n        ledger_entries lje1_0 \r\n    where\r\n        lje1_0.id=?","logger":"org.hibernate.SQL","thread":"http-nio-auto-1-exec-8","level":"DEBUG","level_value":10000}
{"timestamp":"2026-01-11T15:32:03.4360042-03:00","@version":"1","message":"\r\n    select\r\n        lje1_0.id,\r\n        lje1_0.amount,\r\n        lje1_0.created_at,\r\n        lje1_0.description,\r\n        lje1_0.entry_type,\r\n        lje1_0.wallet_id \r\n    from\r\n        ledger_entries lje1_0 \r\n    where\r\n        lje1_0.id=?","logger":"org.hibernate.SQL","thread":"http-nio-auto-1-exec-5","level":"DEBUG","level_value":10000}
{"timestamp":"2026-01-11T15:32:03.4360042-03:00","@version":"1","message":"\r\n    insert \r\n    into\r\n        ledger_entries\r\n        (amount, created_at, description, entry_type, wallet_id, id) \r\n    values\r\n        (?, ?, ?, ?, ?, ?)","logger":"org.hibernate.SQL","thread":"http-nio-auto-1-exec-8","level":"DEBUG","level_value":10000}
{"timestamp":"2026-01-11T15:32:03.4395101-03:00","@version":"1","message":"\r\n    update\r\n        wallets \r\n    set\r\n        balance=?,\r\n        version=? \r\n    where\r\n        id=? \r\n        and version=?","logger":"org.hibernate.SQL","thread":"http-nio-auto-1-exec-8","level":"DEBUG","level_value":10000}
{"timestamp":"2026-01-11T15:32:03.4395101-03:00","@version":"1","message":"\r\n    insert \r\n    into\r\n        ledger_entries\r\n        (amount, created_at, description, entry_type, wallet_id, id) \r\n    values\r\n        (?, ?, ?, ?, ?, ?)","logger":"org.hibernate.SQL","thread":"http-nio-auto-1-exec-5","level":"DEBUG","level_value":10000}
{"timestamp":"2026-01-11T15:32:03.4458612-03:00","@version":"1","message":"\r\n    update\r\n        wallets \r\n    set\r\n        balance=?,\r\n        version=? \r\n    where\r\n        id=? \r\n        and version=?","logger":"org.hibernate.SQL","thread":"http-nio-auto-1-exec-5","level":"DEBUG","level_value":10000}
{"timestamp":"2026-01-11T15:32:03.4532506-03:00","@version":"1","message":"\r\n    select\r\n        wje1_0.id,\r\n        wje1_0.balance,\r\n        wje1_0.version \r\n    from\r\n        wallets wje1_0 \r\n    where\r\n        wje1_0.id=?","logger":"org.hibernate.SQL","thread":"http-nio-auto-1-exec-7","level":"DEBUG","level_value":10000}
{"timestamp":"2026-01-11T15:32:03.4570686-03:00","@version":"1","message":"\r\n    select\r\n        wje1_0.id,\r\n        wje1_0.balance,\r\n        wje1_0.version \r\n    from\r\n        wallets wje1_0 \r\n    where\r\n        wje1_0.id=?","logger":"org.hibernate.SQL","thread":"http-nio-auto-1-exec-5","level":"DEBUG","level_value":10000}
{"timestamp":"2026-01-11T15:32:03.4588037-03:00","@version":"1","message":"\r\n    select\r\n        lje1_0.id,\r\n        lje1_0.amount,\r\n        lje1_0.created_at,\r\n        lje1_0.description,\r\n        lje1_0.entry_type,\r\n        lje1_0.wallet_id \r\n    from\r\n        ledger_entries lje1_0 \r\n    where\r\n        lje1_0.id=?","logger":"org.hibernate.SQL","thread":"http-nio-auto-1-exec-7","level":"DEBUG","level_value":10000}
{"timestamp":"2026-01-11T15:32:03.4598007-03:00","@version":"1","message":"\r\n    select\r\n        wje1_0.id,\r\n        wje1_0.balance,\r\n        wje1_0.version \r\n    from\r\n        wallets wje1_0 \r\n    where\r\n        wje1_0.id=?","logger":"org.hibernate.SQL","thread":"http-nio-auto-1-exec-4","level":"DEBUG","level_value":10000}
{"timestamp":"2026-01-11T15:32:03.4638858-03:00","@version":"1","message":"\r\n    insert \r\n    into\r\n        ledger_entries\r\n        (amount, created_at, description, entry_type, wallet_id, id) \r\n    values\r\n        (?, ?, ?, ?, ?, ?)","logger":"org.hibernate.SQL","thread":"http-nio-auto-1-exec-7","level":"DEBUG","level_value":10000}
{"timestamp":"2026-01-11T15:32:03.4644131-03:00","@version":"1","message":"\r\n    select\r\n        lje1_0.id,\r\n        lje1_0.amount,\r\n        lje1_0.created_at,\r\n        lje1_0.description,\r\n        lje1_0.entry_type,\r\n        lje1_0.wallet_id \r\n    from\r\n        ledger_entries lje1_0 \r\n    where\r\n        lje1_0.id=?","logger":"org.hibernate.SQL","thread":"http-nio-auto-1-exec-4","level":"DEBUG","level_value":10000}
{"timestamp":"2026-01-11T15:32:03.468089-03:00","@version":"1","message":"\r\n    update\r\n        wallets \r\n    set\r\n        balance=?,\r\n        version=? \r\n    where\r\n        id=? \r\n        and version=?","logger":"org.hibernate.SQL","thread":"http-nio-auto-1-exec-7","level":"DEBUG","level_value":10000}
{"timestamp":"2026-01-11T15:32:03.4687708-03:00","@version":"1","message":"\r\n    insert \r\n    into\r\n        ledger_entries\r\n        (amount, created_at, description, entry_type, wallet_id, id) \r\n    values\r\n        (?, ?, ?, ?, ?, ?)","logger":"org.hibernate.SQL","thread":"http-nio-auto-1-exec-4","level":"DEBUG","level_value":10000}
{"timestamp":"2026-01-11T15:32:03.4726815-03:00","@version":"1","message":"\r\n    update\r\n        wallets \r\n    set\r\n        balance=?,\r\n        version=? \r\n    where\r\n        id=? \r\n        and version=?","logger":"org.hibernate.SQL","thread":"http-nio-auto-1-exec-4","level":"DEBUG","level_value":10000}
{"timestamp":"2026-01-11T15:32:03.4749267-03:00","@version":"1","message":"\r\n    select\r\n        wje1_0.id,\r\n        wje1_0.balance,\r\n        wje1_0.version \r\n    from\r\n        wallets wje1_0 \r\n    where\r\n        wje1_0.id=?","logger":"org.hibernate.SQL","thread":"http-nio-auto-1-exec-1","level":"DEBUG","level_value":10000}
{"timestamp":"2026-01-11T15:32:03.4826964-03:00","@version":"1","message":"\r\n    select\r\n        wje1_0.id,\r\n        wje1_0.balance,\r\n        wje1_0.version \r\n    from\r\n        wallets wje1_0 \r\n    where\r\n        wje1_0.id=?","logger":"org.hibernate.SQL","thread":"http-nio-auto-1-exec-9","level":"DEBUG","level_value":10000}
{"timestamp":"2026-01-11T15:32:03.4836983-03:00","@version":"1","message":"\r\n    select\r\n        wje1_0.id,\r\n        wje1_0.balance,\r\n        wje1_0.version \r\n    from\r\n        wallets wje1_0 \r\n    where\r\n        wje1_0.id=?","logger":"org.hibernate.SQL","thread":"http-nio-auto-1-exec-3","level":"DEBUG","level_value":10000}
{"timestamp":"2026-01-11T15:32:03.4840763-03:00","@version":"1","message":"\r\n    select\r\n        lje1_0.id,\r\n        lje1_0.amount,\r\n        lje1_0.created_at,\r\n        lje1_0.description,\r\n        lje1_0.entry_type,\r\n        lje1_0.wallet_id \r\n    from\r\n        ledger_entries lje1_0 \r\n    where\r\n        lje1_0.id=?","logger":"org.hibernate.SQL","thread":"http-nio-auto-1-exec-1","level":"DEBUG","level_value":10000}
{"timestamp":"2026-01-11T15:32:03.4853235-03:00","@version":"1","message":"\r\n    select\r\n        wje1_0.id,\r\n        wje1_0.balance,\r\n        wje1_0.version \r\n    from\r\n        wallets wje1_0 \r\n    where\r\n        wje1_0.id=?","logger":"org.hibernate.SQL","thread":"http-nio-auto-1-exec-4","level":"DEBUG","level_value":10000}
{"timestamp":"2026-01-11T15:32:03.4881953-03:00","@version":"1","message":"\r\n    insert \r\n    into\r\n        ledger_entries\r\n        (amount, created_at, description, entry_type, wallet_id, id) \r\n    values\r\n        (?, ?, ?, ?, ?, ?)","logger":"org.hibernate.SQL","thread":"http-nio-auto-1-exec-1","level":"DEBUG","level_value":10000}
{"timestamp":"2026-01-11T15:32:03.4881953-03:00","@version":"1","message":"\r\n    select\r\n        lje1_0.id,\r\n        lje1_0.amount,\r\n        lje1_0.created_at,\r\n        lje1_0.description,\r\n        lje1_0.entry_type,\r\n        lje1_0.wallet_id \r\n    from\r\n        ledger_entries lje1_0 \r\n    where\r\n        lje1_0.id=?","logger":"org.hibernate.SQL","thread":"http-nio-auto-1-exec-3","level":"DEBUG","level_value":10000}
{"timestamp":"2026-01-11T15:32:03.4881953-03:00","@version":"1","message":"\r\n    select\r\n        lje1_0.id,\r\n        lje1_0.amount,\r\n        lje1_0.created_at,\r\n        lje1_0.description,\r\n        lje1_0.entry_type,\r\n        lje1_0.wallet_id \r\n    from\r\n        ledger_entries lje1_0 \r\n    where\r\n        lje1_0.id=?","logger":"org.hibernate.SQL","thread":"http-nio-auto-1-exec-9","level":"DEBUG","level_value":10000}
{"timestamp":"2026-01-11T15:32:03.4915643-03:00","@version":"1","message":"\r\n    update\r\n        wallets \r\n    set\r\n        balance=?,\r\n        version=? \r\n    where\r\n        id=? \r\n        and version=?","logger":"org.hibernate.SQL","thread":"http-nio-auto-1-exec-1","level":"DEBUG","level_value":10000}
{"timestamp":"2026-01-11T15:32:03.4925637-03:00","@version":"1","message":"\r\n    insert \r\n    into\r\n        ledger_entries\r\n        (amount, created_at, description, entry_type, wallet_id, id) \r\n    values\r\n        (?, ?, ?, ?, ?, ?)","logger":"org.hibernate.SQL","thread":"http-nio-auto-1-exec-9","level":"DEBUG","level_value":10000}
{"timestamp":"2026-01-11T15:32:03.4925637-03:00","@version":"1","message":"\r\n    insert \r\n    into\r\n        ledger_entries\r\n        (amount, created_at, description, entry_type, wallet_id, id) \r\n    values\r\n        (?, ?, ?, ?, ?, ?)","logger":"org.hibernate.SQL","thread":"http-nio-auto-1-exec-3","level":"DEBUG","level_value":10000}
{"timestamp":"2026-01-11T15:32:03.4935678-03:00","@version":"1","message":"\r\n    select\r\n        wje1_0.id,\r\n        wje1_0.balance,\r\n        wje1_0.version \r\n    from\r\n        wallets wje1_0 \r\n    where\r\n        wje1_0.id=?","logger":"org.hibernate.SQL","thread":"http-nio-auto-1-exec-6","level":"DEBUG","level_value":10000}
{"timestamp":"2026-01-11T15:32:03.4965619-03:00","@version":"1","message":"\r\n    update\r\n        wallets \r\n    set\r\n        balance=?,\r\n        version=? \r\n    where\r\n        id=? \r\n        and version=?","logger":"org.hibernate.SQL","thread":"http-nio-auto-1-exec-9","level":"DEBUG","level_value":10000}
{"timestamp":"2026-01-11T15:32:03.4965619-03:00","@version":"1","message":"\r\n    update\r\n        wallets \r\n    set\r\n        balance=?,\r\n        version=? \r\n    where\r\n        id=? \r\n        and version=?","logger":"org.hibernate.SQL","thread":"http-nio-auto-1-exec-3","level":"DEBUG","level_value":10000}
{"timestamp":"2026-01-11T15:32:03.4985646-03:00","@version":"1","message":"\r\n    select\r\n        lje1_0.id,\r\n        lje1_0.amount,\r\n        lje1_0.created_at,\r\n        lje1_0.description,\r\n        lje1_0.entry_type,\r\n        lje1_0.wallet_id \r\n    from\r\n        ledger_entries lje1_0 \r\n    where\r\n        lje1_0.id=?","logger":"org.hibernate.SQL","thread":"http-nio-auto-1-exec-6","level":"DEBUG","level_value":10000}
{"timestamp":"2026-01-11T15:32:03.5025624-03:00","@version":"1","message":"\r\n    insert \r\n    into\r\n        ledger_entries\r\n        (amount, created_at, description, entry_type, wallet_id, id) \r\n    values\r\n        (?, ?, ?, ?, ?, ?)","logger":"org.hibernate.SQL","thread":"http-nio-auto-1-exec-6","level":"DEBUG","level_value":10000}
{"timestamp":"2026-01-11T15:32:03.5035652-03:00","@version":"1","message":"\r\n    select\r\n        wje1_0.id,\r\n        wje1_0.balance,\r\n        wje1_0.version \r\n    from\r\n        wallets wje1_0 \r\n    where\r\n        wje1_0.id=?","logger":"org.hibernate.SQL","thread":"http-nio-auto-1-exec-9","level":"DEBUG","level_value":10000}
{"timestamp":"2026-01-11T15:32:03.5035652-03:00","@version":"1","message":"\r\n    select\r\n        wje1_0.id,\r\n        wje1_0.balance,\r\n        wje1_0.version \r\n    from\r\n        wallets wje1_0 \r\n    where\r\n        wje1_0.id=?","logger":"org.hibernate.SQL","thread":"http-nio-auto-1-exec-3","level":"DEBUG","level_value":10000}
{"timestamp":"2026-01-11T15:32:03.507563-03:00","@version":"1","message":"\r\n    update\r\n        wallets \r\n    set\r\n        balance=?,\r\n        version=? \r\n    where\r\n        id=? \r\n        and version=?","logger":"org.hibernate.SQL","thread":"http-nio-auto-1-exec-6","level":"DEBUG","level_value":10000}
{"timestamp":"2026-01-11T15:32:03.5135633-03:00","@version":"1","message":"\r\n    select\r\n        wje1_0.id,\r\n        wje1_0.balance,\r\n        wje1_0.version \r\n    from\r\n        wallets wje1_0 \r\n    where\r\n        wje1_0.id=?","logger":"org.hibernate.SQL","thread":"http-nio-auto-1-exec-6","level":"DEBUG","level_value":10000}
{"timestamp":"2026-01-11T15:32:03.5175631-03:00","@version":"1","message":"\r\n    select\r\n        wje1_0.id,\r\n        wje1_0.balance,\r\n        wje1_0.version \r\n    from\r\n        wallets wje1_0 \r\n    where\r\n        wje1_0.id=?","logger":"org.hibernate.SQL","thread":"http-nio-auto-1-exec-2","level":"DEBUG","level_value":10000}
{"timestamp":"2026-01-11T15:32:03.5257512-03:00","@version":"1","message":"\r\n    select\r\n        lje1_0.id,\r\n        lje1_0.amount,\r\n        lje1_0.created_at,\r\n        lje1_0.description,\r\n        lje1_0.entry_type,\r\n        lje1_0.wallet_id \r\n    from\r\n        ledger_entries lje1_0 \r\n    where\r\n        lje1_0.id=?","logger":"org.hibernate.SQL","thread":"http-nio-auto-1-exec-2","level":"DEBUG","level_value":10000}
{"timestamp":"2026-01-11T15:32:03.5333761-03:00","@version":"1","message":"\r\n    insert \r\n    into\r\n        ledger_entries\r\n        (amount, created_at, description, entry_type, wallet_id, id) \r\n    values\r\n        (?, ?, ?, ?, ?, ?)","logger":"org.hibernate.SQL","thread":"http-nio-auto-1-exec-2","level":"DEBUG","level_value":10000}
{"timestamp":"2026-01-11T15:32:03.540595-03:00","@version":"1","message":"\r\n    update\r\n        wallets \r\n    set\r\n        balance=?,\r\n        version=? \r\n    where\r\n        id=? \r\n        and version=?","logger":"org.hibernate.SQL","thread":"http-nio-auto-1-exec-2","level":"DEBUG","level_value":10000}
{"timestamp":"2026-01-11T15:32:03.746467-03:00","@version":"1","message":"\r\n    select\r\n        wje1_0.id,\r\n        wje1_0.balance,\r\n        wje1_0.version \r\n    from\r\n        wallets wje1_0 \r\n    where\r\n        wje1_0.id=?","logger":"org.hibernate.SQL","thread":"http-nio-auto-1-exec-6","level":"DEBUG","level_value":10000}
{"timestamp":"2026-01-11T15:32:03.7516871-03:00","@version":"1","message":"\r\n    select\r\n        lje1_0.id,\r\n        lje1_0.amount,\r\n        lje1_0.created_at,\r\n        lje1_0.description,\r\n        lje1_0.entry_type,\r\n        lje1_0.wallet_id \r\n    from\r\n        ledger_entries lje1_0 \r\n    where\r\n        lje1_0.id=?","logger":"org.hibernate.SQL","thread":"http-nio-auto-1-exec-6","level":"DEBUG","level_value":10000}
{"timestamp":"2026-01-11T15:32:03.7560294-03:00","@version":"1","message":"\r\n    insert \r\n    into\r\n        ledger_entries\r\n        (amount, created_at, description, entry_type, wallet_id, id) \r\n    values\r\n        (?, ?, ?, ?, ?, ?)","logger":"org.hibernate.SQL","thread":"http-nio-auto-1-exec-6","level":"DEBUG","level_value":10000}
{"timestamp":"2026-01-11T15:32:03.7600336-03:00","@version":"1","message":"\r\n    update\r\n        wallets \r\n    set\r\n        balance=?,\r\n        version=? \r\n    where\r\n        id=? \r\n        and version=?","logger":"org.hibernate.SQL","thread":"http-nio-auto-1-exec-6","level":"DEBUG","level_value":10000}
{"timestamp":"2026-01-11T15:32:03.8069049-03:00","@version":"1","message":"\r\n    select\r\n        wje1_0.id,\r\n        wje1_0.balance,\r\n        wje1_0.version \r\n    from\r\n        wallets wje1_0 \r\n    where\r\n        wje1_0.id=?","logger":"org.hibernate.SQL","thread":"http-nio-auto-1-exec-4","level":"DEBUG","level_value":10000}
{"timestamp":"2026-01-11T15:32:03.8114904-03:00","@version":"1","message":"\r\n    select\r\n        lje1_0.id,\r\n        lje1_0.amount,\r\n        lje1_0.created_at,\r\n        lje1_0.description,\r\n        lje1_0.entry_type,\r\n        lje1_0.wallet_id \r\n    from\r\n        ledger_entries lje1_0 \r\n    where\r\n        lje1_0.id=?","logger":"org.hibernate.SQL","thread":"http-nio-auto-1-exec-4","level":"DEBUG","level_value":10000}
{"timestamp":"2026-01-11T15:32:03.8153302-03:00","@version":"1","message":"\r\n    insert \r\n    into\r\n        ledger_entries\r\n        (amount, created_at, description, entry_type, wallet_id, id) \r\n    values\r\n        (?, ?, ?, ?, ?, ?)","logger":"org.hibernate.SQL","thread":"http-nio-auto-1-exec-4","level":"DEBUG","level_value":10000}
{"timestamp":"2026-01-11T15:32:03.818632-03:00","@version":"1","message":"\r\n    update\r\n        wallets \r\n    set\r\n        balance=?,\r\n        version=? \r\n    where\r\n        id=? \r\n        and version=?","logger":"org.hibernate.SQL","thread":"http-nio-auto-1-exec-4","level":"DEBUG","level_value":10000}
{"timestamp":"2026-01-11T15:32:03.8491383-03:00","@version":"1","message":"\r\n    select\r\n        wje1_0.id,\r\n        wje1_0.balance,\r\n        wje1_0.version \r\n    from\r\n        wallets wje1_0 \r\n    where\r\n        wje1_0.id=?","logger":"org.hibernate.SQL","thread":"http-nio-auto-1-exec-3","level":"DEBUG","level_value":10000}
{"timestamp":"2026-01-11T15:32:03.8538839-03:00","@version":"1","message":"\r\n    select\r\n        wje1_0.id,\r\n        wje1_0.balance,\r\n        wje1_0.version \r\n    from\r\n        wallets wje1_0 \r\n    where\r\n        wje1_0.id=?","logger":"org.hibernate.SQL","thread":"http-nio-auto-1-exec-5","level":"DEBUG","level_value":10000}
{"timestamp":"2026-01-11T15:32:03.8547964-03:00","@version":"1","message":"\r\n    select\r\n        lje1_0.id,\r\n        lje1_0.amount,\r\n        lje1_0.created_at,\r\n        lje1_0.description,\r\n        lje1_0.entry_type,\r\n        lje1_0.wallet_id \r\n    from\r\n        ledger_entries lje1_0 \r\n    where\r\n        lje1_0.id=?","logger":"org.hibernate.SQL","thread":"http-nio-auto-1-exec-3","level":"DEBUG","level_value":10000}
{"timestamp":"2026-01-11T15:32:03.857727-03:00","@version":"1","message":"\r\n    select\r\n        lje1_0.id,\r\n        lje1_0.amount,\r\n        lje1_0.created_at,\r\n        lje1_0.description,\r\n        lje1_0.entry_type,\r\n        lje1_0.wallet_id \r\n    from\r\n        ledger_entries lje1_0 \r\n    where\r\n        lje1_0.id=?","logger":"org.hibernate.SQL","thread":"http-nio-auto-1-exec-5","level":"DEBUG","level_value":10000}
{"timestamp":"2026-01-11T15:32:03.8608766-03:00","@version":"1","message":"\r\n    insert \r\n    into\r\n        ledger_entries\r\n        (amount, created_at, description, entry_type, wallet_id, id) \r\n    values\r\n        (?, ?, ?, ?, ?, ?)","logger":"org.hibernate.SQL","thread":"http-nio-auto-1-exec-3","level":"DEBUG","level_value":10000}
{"timestamp":"2026-01-11T15:32:03.8625982-03:00","@version":"1","message":"\r\n    insert \r\n    into\r\n        ledger_entries\r\n        (amount, created_at, description, entry_type, wallet_id, id) \r\n    values\r\n        (?, ?, ?, ?, ?, ?)","logger":"org.hibernate.SQL","thread":"http-nio-auto-1-exec-5","level":"DEBUG","level_value":10000}
{"timestamp":"2026-01-11T15:32:03.8643172-03:00","@version":"1","message":"\r\n    update\r\n        wallets \r\n    set\r\n        balance=?,\r\n        version=? \r\n    where\r\n        id=? \r\n        and version=?","logger":"org.hibernate.SQL","thread":"http-nio-auto-1-exec-3","level":"DEBUG","level_value":10000}
{"timestamp":"2026-01-11T15:32:03.8659691-03:00","@version":"1","message":"\r\n    update\r\n        wallets \r\n    set\r\n        balance=?,\r\n        version=? \r\n    where\r\n        id=? \r\n        and version=?","logger":"org.hibernate.SQL","thread":"http-nio-auto-1-exec-5","level":"DEBUG","level_value":10000}
{"timestamp":"2026-01-11T15:32:03.8719073-03:00","@version":"1","message":"\r\n    select\r\n        wje1_0.id,\r\n        wje1_0.balance,\r\n        wje1_0.version \r\n    from\r\n        wallets wje1_0 \r\n    where\r\n        wje1_0.id=?","logger":"org.hibernate.SQL","thread":"http-nio-auto-1-exec-5","level":"DEBUG","level_value":10000}
{"timestamp":"2026-01-11T15:32:03.8835076-03:00","@version":"1","message":"\r\n    select\r\n        wje1_0.id,\r\n        wje1_0.balance,\r\n        wje1_0.version \r\n    from\r\n        wallets wje1_0 \r\n    where\r\n        wje1_0.id=?","logger":"org.hibernate.SQL","thread":"http-nio-auto-1-exec-9","level":"DEBUG","level_value":10000}
{"timestamp":"2026-01-11T15:32:03.8873389-03:00","@version":"1","message":"\r\n    select\r\n        lje1_0.id,\r\n        lje1_0.amount,\r\n        lje1_0.created_at,\r\n        lje1_0.description,\r\n        lje1_0.entry_type,\r\n        lje1_0.wallet_id \r\n    from\r\n        ledger_entries lje1_0 \r\n    where\r\n        lje1_0.id=?","logger":"org.hibernate.SQL","thread":"http-nio-auto-1-exec-9","level":"DEBUG","level_value":10000}
{"timestamp":"2026-01-11T15:32:03.8911303-03:00","@version":"1","message":"\r\n    insert \r\n    into\r\n        ledger_entries\r\n        (amount, created_at, description, entry_type, wallet_id, id) \r\n    values\r\n        (?, ?, ?, ?, ?, ?)","logger":"org.hibernate.SQL","thread":"http-nio-auto-1-exec-9","level":"DEBUG","level_value":10000}
{"timestamp":"2026-01-11T15:32:03.8943911-03:00","@version":"1","message":"\r\n    update\r\n        wallets \r\n    set\r\n        balance=?,\r\n        version=? \r\n    where\r\n        id=? \r\n        and version=?","logger":"org.hibernate.SQL","thread":"http-nio-auto-1-exec-9","level":"DEBUG","level_value":10000}
{"timestamp":"2026-01-11T15:32:04.4021384-03:00","@version":"1","message":"\r\n    select\r\n        wje1_0.id,\r\n        wje1_0.balance,\r\n        wje1_0.version \r\n    from\r\n        wallets wje1_0 \r\n    where\r\n        wje1_0.id=?","logger":"org.hibernate.SQL","thread":"http-nio-auto-1-exec-5","level":"DEBUG","level_value":10000}
{"timestamp":"2026-01-11T15:32:04.4070939-03:00","@version":"1","message":"\r\n    select\r\n        lje1_0.id,\r\n        lje1_0.amount,\r\n        lje1_0.created_at,\r\n        lje1_0.description,\r\n        lje1_0.entry_type,\r\n        lje1_0.wallet_id \r\n    from\r\n        ledger_entries lje1_0 \r\n    where\r\n        lje1_0.id=?","logger":"org.hibernate.SQL","thread":"http-nio-auto-1-exec-5","level":"DEBUG","level_value":10000}
{"timestamp":"2026-01-11T15:32:04.413559-03:00","@version":"1","message":"\r\n    insert \r\n    into\r\n        ledger_entries\r\n        (amount, created_at, description, entry_type, wallet_id, id) \r\n    values\r\n        (?, ?, ?, ?, ?, ?)","logger":"org.hibernate.SQL","thread":"http-nio-auto-1-exec-5","level":"DEBUG","level_value":10000}
{"timestamp":"2026-01-11T15:32:04.4172891-03:00","@version":"1","message":"\r\n    update\r\n        wallets \r\n    set\r\n        balance=?,\r\n        version=? \r\n    where\r\n        id=? \r\n        and version=?","logger":"org.hibernate.SQL","thread":"http-nio-auto-1-exec-5","level":"DEBUG","level_value":10000}
{"timestamp":"2026-01-11T15:32:04.4780496-03:00","@version":"1","message":"\r\n    select\r\n        wje1_0.id,\r\n        wje1_0.balance,\r\n        wje1_0.version \r\n    from\r\n        wallets wje1_0 \r\n    where\r\n        wje1_0.id=?","logger":"org.hibernate.SQL","thread":"http-nio-auto-1-exec-6","level":"DEBUG","level_value":10000}
Success: 10, Failures: 0
]]></system-out>
  </testcase>
</testsuite>